This is pdfTeX, Version 3.141592653-2.6-1.40.25 (TeX Live 2023) (preloaded format=pdftex 2023.5.5)  25 MAY 2023 13:01
entering extended mode
 restricted \write18 enabled.
 %&-line parsing enabled.
**Dreieck-1.tex
(./Dreieck-1.tex
! Undefined control sequence.
l.1 \documentclass
                  [tikz, border=10pt]{standalone}
? 
! Undefined control sequence.
l.2 \usepackage
               [utf8]{inputenc}
? 
! Undefined control sequence.
l.3 \usepackage
               [ngerman]{babel}
? 
! Undefined control sequence.
l.5 \usepackage
               {tikz}
? 
! Undefined control sequence.
l.6 \usepackage
               {siunitx}
? 
! Undefined control sequence.
l.7 \usetikzlibrary
                   {backgrounds}
? 
! Undefined control sequence.
l.8 \usepackage
               {tkz-euclide}
? 
! Undefined control sequence.
l.11 \tikzset
             {%
? 
! Undefined control sequence.
l.18 \usepackage
                {pgfplots}
? 
! Undefined control sequence.
l.19 \pgfplotsset
                 {compat=newest}
? 
! Undefined control sequence.
l.21 \begin
           {document}
? 
! Undefined control sequence.
l.23 \tikzstyle
               {background grid}=[draw, black!20,step=5mm,line width=1pt]
? 
! Undefined control sequence.
l.24 \begin
           {tikzpicture}[scale=1.0, show background grid]
? 
! Undefined control sequence.
l.25 \pgfkeys
             {/pgf/number format/.cd, fixed zerofill, precision=1, use comma...

? 
! Undefined control sequence.
l.35 \coordinate
                 (A) at (\xA,\yA);
? 
! Undefined control sequence.
l.36 \coordinate
                 (B) at (\xB,\yB);
? 
! Undefined control sequence.
l.37 \coordinate
                 (C) at (\xC,\yC);
? 
! Undefined control sequence.
l.40 \pgfmathsetmacro
                      \winkelalpha{{atan(abs((((\yB-\yA)/(\xB-\xA) - (\yC-\y...

? 
! Undefined control sequence.
l.40 \pgfmathsetmacro \winkelalpha
                                  {{atan(abs((((\yB-\yA)/(\xB-\xA) - (\yC-\y...

? 
! Undefined control sequence.
l.41 \pgfmathsetmacro
                      \winkelbeta{{atan(abs((((\yC-\yB)/(\xC-\xB) - (\yA-\yB...

? 
! Undefined control sequence.
l.41 \pgfmathsetmacro \winkelbeta
                                 {{atan(abs((((\yC-\yB)/(\xC-\xB) - (\yA-\yB...

? 
! Undefined control sequence.
l.42 \pgfmathsetmacro
                      \winkelgamma{{atan(abs((((\yA-\yC)/(\xA-\xC) - (\yB-\y...

? 
! Undefined control sequence.
l.42 \pgfmathsetmacro \winkelgamma
                                  {{atan(abs((((\yA-\yC)/(\xA-\xC) - (\yB-\y...

? 
! Undefined control sequence.
l.45 \draw
           node[anchor=east, xshift=-1mm, yshift=0mm] at (A)  {A};
? 
! Undefined control sequence.
l.46 \draw
           node[anchor=west, xshift=1mm, yshift=0mm] at (B)  {B};
? 
! Undefined control sequence.
l.47 \draw
           node[anchor=south, xshift=0mm, yshift=1mm] at (C)  {C};
? 
! Undefined control sequence.
l.50 \draw
          [color=black, line cap=round, line width=1pt, rounded corners=0.1]...

? 
! Undefined control sequence.
l.53 \tkzMarkAngle
                  [->, color=blue, size=1.5, draw, thick](B,A,C)
? 
! Undefined control sequence.
l.54 \tkzMarkAngle
                  [->, color=blue, size=1.5, draw, thick](C,B,A)
? 
! Undefined control sequence.
l.55 \tkzMarkAngle
                  [->, color=blue, size=1.5, draw, thick](A,C,B)
? exit
No pages of output.
PDF statistics:
 0 PDF objects out of 1000 (max. 8388607)
 0 named destinations out of 1000 (max. 500000)
 1 words of extra memory for PDF output out of 10000 (max. 10000000)

