This is pdfTeX, Version 3.141592653-2.6-1.40.25 (TeX Live 2023) (preloaded format=pdflatex 2023.5.5)  6 JUL 2023 14:17
entering extended mode
 restricted \write18 enabled.
 %&-line parsing enabled.
**laser-1.tex
(./laser-1.tex
LaTeX2e <2022-11-01> patch level 1
L3 programming layer <2023-04-20>
(/private/var/mobile/Containers/Data/Application/9295D1C1-802A-4039-80FE-38A99D
EF0FAB/Library/texlive/2023/texmf-dist/tex/latex/standalone/standalone.cls
Document Class: standalone 2022/10/10 v1.3b Class to compile TeX sub-files stan
dalone

(/private/var/mobile/Containers/Data/Application/9295D1C1-802A-4039-80FE-38A99D
EF0FAB/Library/texlive/2023/texmf-dist/tex/latex/tools/shellesc.sty
Package: shellesc 2019/11/08 v1.0c unified shell escape interface for LaTeX
Package shellesc Info: Restricted shell escape enabled on input line 77.
)
(/private/var/mobile/Containers/Data/Application/9295D1C1-802A-4039-80FE-38A99D
EF0FAB/Library/texlive/2023/texmf-dist/tex/generic/iftex/ifluatex.sty
Package: ifluatex 2019/10/25 v1.5 ifluatex legacy package. Use iftex instead.

(/private/var/mobile/Containers/Data/Application/9295D1C1-802A-4039-80FE-38A99D
EF0FAB/Library/texlive/2023/texmf-dist/tex/generic/iftex/iftex.sty
Package: iftex 2022/02/03 v1.0f TeX engine tests
))
(/private/var/mobile/Containers/Data/Application/9295D1C1-802A-4039-80FE-38A99D
EF0FAB/Library/texlive/2023/texmf-dist/tex/latex/xkeyval/xkeyval.sty
Package: xkeyval 2022/06/16 v2.9 package option processing (HA)

(/private/var/mobile/Containers/Data/Application/9295D1C1-802A-4039-80FE-38A99D
EF0FAB/Library/texlive/2023/texmf-dist/tex/generic/xkeyval/xkeyval.tex
(/private/var/mobile/Containers/Data/Application/9295D1C1-802A-4039-80FE-38A99D
EF0FAB/Library/texlive/2023/texmf-dist/tex/generic/xkeyval/xkvutils.tex
\XKV@toks=\toks16
\XKV@tempa@toks=\toks17

(/private/var/mobile/Containers/Data/Application/9295D1C1-802A-4039-80FE-38A99D
EF0FAB/Library/texlive/2023/texmf-dist/tex/generic/xkeyval/keyval.tex))
\XKV@depth=\count185
File: xkeyval.tex 2014/12/03 v2.7a key=value parser (HA)
))
\sa@internal=\count186
\c@sapage=\count187

(/private/var/mobile/Containers/Data/Application/9295D1C1-802A-4039-80FE-38A99D
EF0FAB/Library/texlive/2023/texmf-dist/tex/latex/standalone/standalone.cfg
File: standalone.cfg 2022/10/10 v1.3b Default configuration file for 'standalon
e' class
)
(/private/var/mobile/Containers/Data/Application/9295D1C1-802A-4039-80FE-38A99D
EF0FAB/Library/texlive/2023/texmf-dist/tex/latex/base/article.cls
Document Class: article 2022/07/02 v1.4n Standard LaTeX document class

(/private/var/mobile/Containers/Data/Application/9295D1C1-802A-4039-80FE-38A99D
EF0FAB/Library/texlive/2023/texmf-dist/tex/latex/base/size10.clo
File: size10.clo 2022/07/02 v1.4n Standard LaTeX file (size option)
)
\c@part=\count188
\c@section=\count189
\c@subsection=\count190
\c@subsubsection=\count191
\c@paragraph=\count192
\c@subparagraph=\count193
\c@figure=\count194
\c@table=\count195
\abovecaptionskip=\skip48
\belowcaptionskip=\skip49
\bibindent=\dimen140
)
(/private/var/mobile/Containers/Data/Application/9295D1C1-802A-4039-80FE-38A99D
EF0FAB/Library/texlive/2023/texmf-dist/tex/latex/pgf/frontendlayer/tikz.sty
(/private/var/mobile/Containers/Data/Application/9295D1C1-802A-4039-80FE-38A99D
EF0FAB/Library/texlive/2023/texmf-dist/tex/latex/pgf/basiclayer/pgf.sty
(/private/var/mobile/Containers/Data/Application/9295D1C1-802A-4039-80FE-38A99D
EF0FAB/Library/texlive/2023/texmf-dist/tex/latex/pgf/utilities/pgfrcs.sty
(/private/var/mobile/Containers/Data/Application/9295D1C1-802A-4039-80FE-38A99D
EF0FAB/Library/texlive/2023/texmf-dist/tex/generic/pgf/utilities/pgfutil-common
.tex
\pgfutil@everybye=\toks18
\pgfutil@tempdima=\dimen141
\pgfutil@tempdimb=\dimen142
)
(/private/var/mobile/Containers/Data/Application/9295D1C1-802A-4039-80FE-38A99D
EF0FAB/Library/texlive/2023/texmf-dist/tex/generic/pgf/utilities/pgfutil-latex.
def
\pgfutil@abb=\box51
)
(/private/var/mobile/Containers/Data/Application/9295D1C1-802A-4039-80FE-38A99D
EF0FAB/Library/texlive/2023/texmf-dist/tex/generic/pgf/utilities/pgfrcs.code.te
x
(/private/var/mobile/Containers/Data/Application/9295D1C1-802A-4039-80FE-38A99D
EF0FAB/Library/texlive/2023/texmf-dist/tex/generic/pgf/pgf.revision.tex)
Package: pgfrcs 2023-01-15 v3.1.10 (3.1.10)
))
Package: pgf 2023-01-15 v3.1.10 (3.1.10)

(/private/var/mobile/Containers/Data/Application/9295D1C1-802A-4039-80FE-38A99D
EF0FAB/Library/texlive/2023/texmf-dist/tex/latex/pgf/basiclayer/pgfcore.sty
(/private/var/mobile/Containers/Data/Application/9295D1C1-802A-4039-80FE-38A99D
EF0FAB/Library/texlive/2023/texmf-dist/tex/latex/graphics/graphicx.sty
Package: graphicx 2021/09/16 v1.2d Enhanced LaTeX Graphics (DPC,SPQR)

(/private/var/mobile/Containers/Data/Application/9295D1C1-802A-4039-80FE-38A99D
EF0FAB/Library/texlive/2023/texmf-dist/tex/latex/graphics/graphics.sty
Package: graphics 2022/03/10 v1.4e Standard LaTeX Graphics (DPC,SPQR)

(/private/var/mobile/Containers/Data/Application/9295D1C1-802A-4039-80FE-38A99D
EF0FAB/Library/texlive/2023/texmf-dist/tex/latex/graphics/trig.sty
Package: trig 2021/08/11 v1.11 sin cos tan (DPC)
)
(/private/var/mobile/Containers/Data/Application/9295D1C1-802A-4039-80FE-38A99D
EF0FAB/Library/texlive/2023/texmf-dist/tex/latex/graphics-cfg/graphics.cfg
File: graphics.cfg 2016/06/04 v1.11 sample graphics configuration
)
Package graphics Info: Driver file: pdftex.def on input line 107.

(/private/var/mobile/Containers/Data/Application/9295D1C1-802A-4039-80FE-38A99D
EF0FAB/Library/texlive/2023/texmf-dist/tex/latex/graphics-def/pdftex.def
File: pdftex.def 2022/09/22 v1.2b Graphics/color driver for pdftex
))
\Gin@req@height=\dimen143
\Gin@req@width=\dimen144
)
(/private/var/mobile/Containers/Data/Application/9295D1C1-802A-4039-80FE-38A99D
EF0FAB/Library/texlive/2023/texmf-dist/tex/latex/pgf/systemlayer/pgfsys.sty
(/private/var/mobile/Containers/Data/Application/9295D1C1-802A-4039-80FE-38A99D
EF0FAB/Library/texlive/2023/texmf-dist/tex/generic/pgf/systemlayer/pgfsys.code.
tex
Package: pgfsys 2023-01-15 v3.1.10 (3.1.10)

(/private/var/mobile/Containers/Data/Application/9295D1C1-802A-4039-80FE-38A99D
EF0FAB/Library/texlive/2023/texmf-dist/tex/generic/pgf/utilities/pgfkeys.code.t
ex
\pgfkeys@pathtoks=\toks19
\pgfkeys@temptoks=\toks20

(/private/var/mobile/Containers/Data/Application/9295D1C1-802A-4039-80FE-38A99D
EF0FAB/Library/texlive/2023/texmf-dist/tex/generic/pgf/utilities/pgfkeyslibrary
filtered.code.tex
\pgfkeys@tmptoks=\toks21
))
\pgf@x=\dimen145
\pgf@y=\dimen146
\pgf@xa=\dimen147
\pgf@ya=\dimen148
\pgf@xb=\dimen149
\pgf@yb=\dimen150
\pgf@xc=\dimen151
\pgf@yc=\dimen152
\pgf@xd=\dimen153
\pgf@yd=\dimen154
\w@pgf@writea=\write3
\r@pgf@reada=\read2
\c@pgf@counta=\count196
\c@pgf@countb=\count197
\c@pgf@countc=\count198
\c@pgf@countd=\count199
\t@pgf@toka=\toks22
\t@pgf@tokb=\toks23
\t@pgf@tokc=\toks24
\pgf@sys@id@count=\count266

(/private/var/mobile/Containers/Data/Application/9295D1C1-802A-4039-80FE-38A99D
EF0FAB/Library/texlive/2023/texmf-dist/tex/generic/pgf/systemlayer/pgf.cfg
File: pgf.cfg 2023-01-15 v3.1.10 (3.1.10)
)
Driver file for pgf: pgfsys-pdftex.def

(/private/var/mobile/Containers/Data/Application/9295D1C1-802A-4039-80FE-38A99D
EF0FAB/Library/texlive/2023/texmf-dist/tex/generic/pgf/systemlayer/pgfsys-pdfte
x.def
File: pgfsys-pdftex.def 2023-01-15 v3.1.10 (3.1.10)

(/private/var/mobile/Containers/Data/Application/9295D1C1-802A-4039-80FE-38A99D
EF0FAB/Library/texlive/2023/texmf-dist/tex/generic/pgf/systemlayer/pgfsys-commo
n-pdf.def
File: pgfsys-common-pdf.def 2023-01-15 v3.1.10 (3.1.10)
)))
(/private/var/mobile/Containers/Data/Application/9295D1C1-802A-4039-80FE-38A99D
EF0FAB/Library/texlive/2023/texmf-dist/tex/generic/pgf/systemlayer/pgfsyssoftpa
th.code.tex
File: pgfsyssoftpath.code.tex 2023-01-15 v3.1.10 (3.1.10)
\pgfsyssoftpath@smallbuffer@items=\count267
\pgfsyssoftpath@bigbuffer@items=\count268
)
(/private/var/mobile/Containers/Data/Application/9295D1C1-802A-4039-80FE-38A99D
EF0FAB/Library/texlive/2023/texmf-dist/tex/generic/pgf/systemlayer/pgfsysprotoc
ol.code.tex
File: pgfsysprotocol.code.tex 2023-01-15 v3.1.10 (3.1.10)
))
(/private/var/mobile/Containers/Data/Application/9295D1C1-802A-4039-80FE-38A99D
EF0FAB/Library/texlive/2023/texmf-dist/tex/latex/xcolor/xcolor.sty
Package: xcolor 2022/06/12 v2.14 LaTeX color extensions (UK)

(/private/var/mobile/Containers/Data/Application/9295D1C1-802A-4039-80FE-38A99D
EF0FAB/Library/texlive/2023/texmf-dist/tex/latex/graphics-cfg/color.cfg
File: color.cfg 2016/01/02 v1.6 sample color configuration
)
Package xcolor Info: Driver file: pdftex.def on input line 227.

(/private/var/mobile/Containers/Data/Application/9295D1C1-802A-4039-80FE-38A99D
EF0FAB/Library/texlive/2023/texmf-dist/tex/latex/graphics/mathcolor.ltx)
Package xcolor Info: Model `cmy' substituted by `cmy0' on input line 1353.
Package xcolor Info: Model `hsb' substituted by `rgb' on input line 1357.
Package xcolor Info: Model `RGB' extended on input line 1369.
Package xcolor Info: Model `HTML' substituted by `rgb' on input line 1371.
Package xcolor Info: Model `Hsb' substituted by `hsb' on input line 1372.
Package xcolor Info: Model `tHsb' substituted by `hsb' on input line 1373.
Package xcolor Info: Model `HSB' substituted by `hsb' on input line 1374.
Package xcolor Info: Model `Gray' substituted by `gray' on input line 1375.
Package xcolor Info: Model `wave' substituted by `hsb' on input line 1376.
)
(/private/var/mobile/Containers/Data/Application/9295D1C1-802A-4039-80FE-38A99D
EF0FAB/Library/texlive/2023/texmf-dist/tex/generic/pgf/basiclayer/pgfcore.code.
tex
Package: pgfcore 2023-01-15 v3.1.10 (3.1.10)

(/private/var/mobile/Containers/Data/Application/9295D1C1-802A-4039-80FE-38A99D
EF0FAB/Library/texlive/2023/texmf-dist/tex/generic/pgf/math/pgfmath.code.tex
(/private/var/mobile/Containers/Data/Application/9295D1C1-802A-4039-80FE-38A99D
EF0FAB/Library/texlive/2023/texmf-dist/tex/generic/pgf/math/pgfmathutil.code.te
x)
(/private/var/mobile/Containers/Data/Application/9295D1C1-802A-4039-80FE-38A99D
EF0FAB/Library/texlive/2023/texmf-dist/tex/generic/pgf/math/pgfmathparser.code.
tex
\pgfmath@dimen=\dimen155
\pgfmath@count=\count269
\pgfmath@box=\box52
\pgfmath@toks=\toks25
\pgfmath@stack@operand=\toks26
\pgfmath@stack@operation=\toks27
)
(/private/var/mobile/Containers/Data/Application/9295D1C1-802A-4039-80FE-38A99D
EF0FAB/Library/texlive/2023/texmf-dist/tex/generic/pgf/math/pgfmathfunctions.co
de.tex)
(/private/var/mobile/Containers/Data/Application/9295D1C1-802A-4039-80FE-38A99D
EF0FAB/Library/texlive/2023/texmf-dist/tex/generic/pgf/math/pgfmathfunctions.ba
sic.code.tex)
(/private/var/mobile/Containers/Data/Application/9295D1C1-802A-4039-80FE-38A99D
EF0FAB/Library/texlive/2023/texmf-dist/tex/generic/pgf/math/pgfmathfunctions.tr
igonometric.code.tex)
(/private/var/mobile/Containers/Data/Application/9295D1C1-802A-4039-80FE-38A99D
EF0FAB/Library/texlive/2023/texmf-dist/tex/generic/pgf/math/pgfmathfunctions.ra
ndom.code.tex)
(/private/var/mobile/Containers/Data/Application/9295D1C1-802A-4039-80FE-38A99D
EF0FAB/Library/texlive/2023/texmf-dist/tex/generic/pgf/math/pgfmathfunctions.co
mparison.code.tex)
(/private/var/mobile/Containers/Data/Application/9295D1C1-802A-4039-80FE-38A99D
EF0FAB/Library/texlive/2023/texmf-dist/tex/generic/pgf/math/pgfmathfunctions.ba
se.code.tex)
(/private/var/mobile/Containers/Data/Application/9295D1C1-802A-4039-80FE-38A99D
EF0FAB/Library/texlive/2023/texmf-dist/tex/generic/pgf/math/pgfmathfunctions.ro
und.code.tex)
(/private/var/mobile/Containers/Data/Application/9295D1C1-802A-4039-80FE-38A99D
EF0FAB/Library/texlive/2023/texmf-dist/tex/generic/pgf/math/pgfmathfunctions.mi
sc.code.tex)
(/private/var/mobile/Containers/Data/Application/9295D1C1-802A-4039-80FE-38A99D
EF0FAB/Library/texlive/2023/texmf-dist/tex/generic/pgf/math/pgfmathfunctions.in
tegerarithmetics.code.tex)
(/private/var/mobile/Containers/Data/Application/9295D1C1-802A-4039-80FE-38A99D
EF0FAB/Library/texlive/2023/texmf-dist/tex/generic/pgf/math/pgfmathcalc.code.te
x)
(/private/var/mobile/Containers/Data/Application/9295D1C1-802A-4039-80FE-38A99D
EF0FAB/Library/texlive/2023/texmf-dist/tex/generic/pgf/math/pgfmathfloat.code.t
ex
\c@pgfmathroundto@lastzeros=\count270
))
(/private/var/mobile/Containers/Data/Application/9295D1C1-802A-4039-80FE-38A99D
EF0FAB/Library/texlive/2023/texmf-dist/tex/generic/pgf/math/pgfint.code.tex)
(/private/var/mobile/Containers/Data/Application/9295D1C1-802A-4039-80FE-38A99D
EF0FAB/Library/texlive/2023/texmf-dist/tex/generic/pgf/basiclayer/pgfcorepoints
.code.tex
File: pgfcorepoints.code.tex 2023-01-15 v3.1.10 (3.1.10)
\pgf@picminx=\dimen156
\pgf@picmaxx=\dimen157
\pgf@picminy=\dimen158
\pgf@picmaxy=\dimen159
\pgf@pathminx=\dimen160
\pgf@pathmaxx=\dimen161
\pgf@pathminy=\dimen162
\pgf@pathmaxy=\dimen163
\pgf@xx=\dimen164
\pgf@xy=\dimen165
\pgf@yx=\dimen166
\pgf@yy=\dimen167
\pgf@zx=\dimen168
\pgf@zy=\dimen169
)
(/private/var/mobile/Containers/Data/Application/9295D1C1-802A-4039-80FE-38A99D
EF0FAB/Library/texlive/2023/texmf-dist/tex/generic/pgf/basiclayer/pgfcorepathco
nstruct.code.tex
File: pgfcorepathconstruct.code.tex 2023-01-15 v3.1.10 (3.1.10)
\pgf@path@lastx=\dimen170
\pgf@path@lasty=\dimen171
)
(/private/var/mobile/Containers/Data/Application/9295D1C1-802A-4039-80FE-38A99D
EF0FAB/Library/texlive/2023/texmf-dist/tex/generic/pgf/basiclayer/pgfcorepathus
age.code.tex
File: pgfcorepathusage.code.tex 2023-01-15 v3.1.10 (3.1.10)
\pgf@shorten@end@additional=\dimen172
\pgf@shorten@start@additional=\dimen173
)
(/private/var/mobile/Containers/Data/Application/9295D1C1-802A-4039-80FE-38A99D
EF0FAB/Library/texlive/2023/texmf-dist/tex/generic/pgf/basiclayer/pgfcorescopes
.code.tex
File: pgfcorescopes.code.tex 2023-01-15 v3.1.10 (3.1.10)
\pgfpic=\box53
\pgf@hbox=\box54
\pgf@layerbox@main=\box55
\pgf@picture@serial@count=\count271
)
(/private/var/mobile/Containers/Data/Application/9295D1C1-802A-4039-80FE-38A99D
EF0FAB/Library/texlive/2023/texmf-dist/tex/generic/pgf/basiclayer/pgfcoregraphi
cstate.code.tex
File: pgfcoregraphicstate.code.tex 2023-01-15 v3.1.10 (3.1.10)
\pgflinewidth=\dimen174
)
(/private/var/mobile/Containers/Data/Application/9295D1C1-802A-4039-80FE-38A99D
EF0FAB/Library/texlive/2023/texmf-dist/tex/generic/pgf/basiclayer/pgfcoretransf
ormations.code.tex
File: pgfcoretransformations.code.tex 2023-01-15 v3.1.10 (3.1.10)
\pgf@pt@x=\dimen175
\pgf@pt@y=\dimen176
\pgf@pt@temp=\dimen177
)
(/private/var/mobile/Containers/Data/Application/9295D1C1-802A-4039-80FE-38A99D
EF0FAB/Library/texlive/2023/texmf-dist/tex/generic/pgf/basiclayer/pgfcorequick.
code.tex
File: pgfcorequick.code.tex 2023-01-15 v3.1.10 (3.1.10)
)
(/private/var/mobile/Containers/Data/Application/9295D1C1-802A-4039-80FE-38A99D
EF0FAB/Library/texlive/2023/texmf-dist/tex/generic/pgf/basiclayer/pgfcoreobject
s.code.tex
File: pgfcoreobjects.code.tex 2023-01-15 v3.1.10 (3.1.10)
)
(/private/var/mobile/Containers/Data/Application/9295D1C1-802A-4039-80FE-38A99D
EF0FAB/Library/texlive/2023/texmf-dist/tex/generic/pgf/basiclayer/pgfcorepathpr
ocessing.code.tex
File: pgfcorepathprocessing.code.tex 2023-01-15 v3.1.10 (3.1.10)
)
(/private/var/mobile/Containers/Data/Application/9295D1C1-802A-4039-80FE-38A99D
EF0FAB/Library/texlive/2023/texmf-dist/tex/generic/pgf/basiclayer/pgfcorearrows
.code.tex
File: pgfcorearrows.code.tex 2023-01-15 v3.1.10 (3.1.10)
\pgfarrowsep=\dimen178
)
(/private/var/mobile/Containers/Data/Application/9295D1C1-802A-4039-80FE-38A99D
EF0FAB/Library/texlive/2023/texmf-dist/tex/generic/pgf/basiclayer/pgfcoreshade.
code.tex
File: pgfcoreshade.code.tex 2023-01-15 v3.1.10 (3.1.10)
\pgf@max=\dimen179
\pgf@sys@shading@range@num=\count272
\pgf@shadingcount=\count273
)
(/private/var/mobile/Containers/Data/Application/9295D1C1-802A-4039-80FE-38A99D
EF0FAB/Library/texlive/2023/texmf-dist/tex/generic/pgf/basiclayer/pgfcoreimage.
code.tex
File: pgfcoreimage.code.tex 2023-01-15 v3.1.10 (3.1.10)
)
(/private/var/mobile/Containers/Data/Application/9295D1C1-802A-4039-80FE-38A99D
EF0FAB/Library/texlive/2023/texmf-dist/tex/generic/pgf/basiclayer/pgfcoreextern
al.code.tex
File: pgfcoreexternal.code.tex 2023-01-15 v3.1.10 (3.1.10)
\pgfexternal@startupbox=\box56
)
(/private/var/mobile/Containers/Data/Application/9295D1C1-802A-4039-80FE-38A99D
EF0FAB/Library/texlive/2023/texmf-dist/tex/generic/pgf/basiclayer/pgfcorelayers
.code.tex
File: pgfcorelayers.code.tex 2023-01-15 v3.1.10 (3.1.10)
)
(/private/var/mobile/Containers/Data/Application/9295D1C1-802A-4039-80FE-38A99D
EF0FAB/Library/texlive/2023/texmf-dist/tex/generic/pgf/basiclayer/pgfcoretransp
arency.code.tex
File: pgfcoretransparency.code.tex 2023-01-15 v3.1.10 (3.1.10)
)
(/private/var/mobile/Containers/Data/Application/9295D1C1-802A-4039-80FE-38A99D
EF0FAB/Library/texlive/2023/texmf-dist/tex/generic/pgf/basiclayer/pgfcorepatter
ns.code.tex
File: pgfcorepatterns.code.tex 2023-01-15 v3.1.10 (3.1.10)
)
(/private/var/mobile/Containers/Data/Application/9295D1C1-802A-4039-80FE-38A99D
EF0FAB/Library/texlive/2023/texmf-dist/tex/generic/pgf/basiclayer/pgfcorerdf.co
de.tex
File: pgfcorerdf.code.tex 2023-01-15 v3.1.10 (3.1.10)
)))
(/private/var/mobile/Containers/Data/Application/9295D1C1-802A-4039-80FE-38A99D
EF0FAB/Library/texlive/2023/texmf-dist/tex/generic/pgf/modules/pgfmoduleshapes.
code.tex
File: pgfmoduleshapes.code.tex 2023-01-15 v3.1.10 (3.1.10)
\pgfnodeparttextbox=\box57
)
(/private/var/mobile/Containers/Data/Application/9295D1C1-802A-4039-80FE-38A99D
EF0FAB/Library/texlive/2023/texmf-dist/tex/generic/pgf/modules/pgfmoduleplot.co
de.tex
File: pgfmoduleplot.code.tex 2023-01-15 v3.1.10 (3.1.10)
)
(/private/var/mobile/Containers/Data/Application/9295D1C1-802A-4039-80FE-38A99D
EF0FAB/Library/texlive/2023/texmf-dist/tex/latex/pgf/compatibility/pgfcomp-vers
ion-0-65.sty
Package: pgfcomp-version-0-65 2023-01-15 v3.1.10 (3.1.10)
\pgf@nodesepstart=\dimen180
\pgf@nodesepend=\dimen181
)
(/private/var/mobile/Containers/Data/Application/9295D1C1-802A-4039-80FE-38A99D
EF0FAB/Library/texlive/2023/texmf-dist/tex/latex/pgf/compatibility/pgfcomp-vers
ion-1-18.sty
Package: pgfcomp-version-1-18 2023-01-15 v3.1.10 (3.1.10)
))
(/private/var/mobile/Containers/Data/Application/9295D1C1-802A-4039-80FE-38A99D
EF0FAB/Library/texlive/2023/texmf-dist/tex/latex/pgf/utilities/pgffor.sty
(/private/var/mobile/Containers/Data/Application/9295D1C1-802A-4039-80FE-38A99D
EF0FAB/Library/texlive/2023/texmf-dist/tex/latex/pgf/utilities/pgfkeys.sty
(/private/var/mobile/Containers/Data/Application/9295D1C1-802A-4039-80FE-38A99D
EF0FAB/Library/texlive/2023/texmf-dist/tex/generic/pgf/utilities/pgfkeys.code.t
ex))
(/private/var/mobile/Containers/Data/Application/9295D1C1-802A-4039-80FE-38A99D
EF0FAB/Library/texlive/2023/texmf-dist/tex/latex/pgf/math/pgfmath.sty
(/private/var/mobile/Containers/Data/Application/9295D1C1-802A-4039-80FE-38A99D
EF0FAB/Library/texlive/2023/texmf-dist/tex/generic/pgf/math/pgfmath.code.tex))
(/private/var/mobile/Containers/Data/Application/9295D1C1-802A-4039-80FE-38A99D
EF0FAB/Library/texlive/2023/texmf-dist/tex/generic/pgf/utilities/pgffor.code.te
x
Package: pgffor 2023-01-15 v3.1.10 (3.1.10)
\pgffor@iter=\dimen182
\pgffor@skip=\dimen183
\pgffor@stack=\toks28
\pgffor@toks=\toks29
))
(/private/var/mobile/Containers/Data/Application/9295D1C1-802A-4039-80FE-38A99D
EF0FAB/Library/texlive/2023/texmf-dist/tex/generic/pgf/frontendlayer/tikz/tikz.
code.tex
Package: tikz 2023-01-15 v3.1.10 (3.1.10)

(/private/var/mobile/Containers/Data/Application/9295D1C1-802A-4039-80FE-38A99D
EF0FAB/Library/texlive/2023/texmf-dist/tex/generic/pgf/libraries/pgflibraryplot
handlers.code.tex
File: pgflibraryplothandlers.code.tex 2023-01-15 v3.1.10 (3.1.10)
\pgf@plot@mark@count=\count274
\pgfplotmarksize=\dimen184
)
\tikz@lastx=\dimen185
\tikz@lasty=\dimen186
\tikz@lastxsaved=\dimen187
\tikz@lastysaved=\dimen188
\tikz@lastmovetox=\dimen189
\tikz@lastmovetoy=\dimen190
\tikzleveldistance=\dimen191
\tikzsiblingdistance=\dimen192
\tikz@figbox=\box58
\tikz@figbox@bg=\box59
\tikz@tempbox=\box60
\tikz@tempbox@bg=\box61
\tikztreelevel=\count275
\tikznumberofchildren=\count276
\tikznumberofcurrentchild=\count277
\tikz@fig@count=\count278

(/private/var/mobile/Containers/Data/Application/9295D1C1-802A-4039-80FE-38A99D
EF0FAB/Library/texlive/2023/texmf-dist/tex/generic/pgf/modules/pgfmodulematrix.
code.tex
File: pgfmodulematrix.code.tex 2023-01-15 v3.1.10 (3.1.10)
\pgfmatrixcurrentrow=\count279
\pgfmatrixcurrentcolumn=\count280
\pgf@matrix@numberofcolumns=\count281
)
\tikz@expandcount=\count282

(/private/var/mobile/Containers/Data/Application/9295D1C1-802A-4039-80FE-38A99D
EF0FAB/Library/texlive/2023/texmf-dist/tex/generic/pgf/frontendlayer/tikz/libra
ries/tikzlibrarytopaths.code.tex
File: tikzlibrarytopaths.code.tex 2023-01-15 v3.1.10 (3.1.10)
)))
\sa@box=\box62
)
(/private/var/mobile/Containers/Data/Application/9295D1C1-802A-4039-80FE-38A99D
EF0FAB/Library/texlive/2023/texmf-dist/tex/latex/base/inputenc.sty
Package: inputenc 2021/02/14 v1.3d Input encoding file
\inpenc@prehook=\toks30
\inpenc@posthook=\toks31
)
(/private/var/mobile/Containers/Data/Application/9295D1C1-802A-4039-80FE-38A99D
EF0FAB/Library/texlive/2023/texmf-dist/tex/generic/babel/babel.sty
Package: babel 2023/04/18 3.88 The Babel package
\babel@savecnt=\count283
\U@D=\dimen193
\l@unhyphenated=\language87

(/private/var/mobile/Containers/Data/Application/9295D1C1-802A-4039-80FE-38A99D
EF0FAB/Library/texlive/2023/texmf-dist/tex/generic/babel/txtbabel.def)
\bbl@readstream=\read3
\bbl@dirlevel=\count284

(/private/var/mobile/Containers/Data/Application/9295D1C1-802A-4039-80FE-38A99D
EF0FAB/Library/texlive/2023/texmf-dist/tex/generic/babel-german/ngerman.ldf
Language: ngerman 2021/02/27 v2.13 German support for babel (post-1996 orthogra
phy)

(/private/var/mobile/Containers/Data/Application/9295D1C1-802A-4039-80FE-38A99D
EF0FAB/Library/texlive/2023/texmf-dist/tex/generic/babel-german/ngermanb.ldf
Language: ngermanb 2021/02/27 v2.13 German support for babel (post-1996 orthogr
aphy)
Package babel Info: Making " an active character on input line 122.
)))
(/private/var/mobile/Containers/Data/Application/9295D1C1-802A-4039-80FE-38A99D
EF0FAB/Library/texlive/2023/texmf-dist/tex/generic/babel/locale/de/babel-ngerma
n.tex
Package babel Info: Importing font and identification data for ngerman
(babel)             from babel-de.ini. Reported on input line 11.
)
(/private/var/mobile/Containers/Data/Application/9295D1C1-802A-4039-80FE-38A99D
EF0FAB/Library/texlive/2023/texmf-dist/tex/generic/pgf/libraries/pgflibraryarro
ws.meta.code.tex
File: pgflibraryarrows.meta.code.tex 2023-01-15 v3.1.10 (3.1.10)
\pgfarrowinset=\dimen194
\pgfarrowlength=\dimen195
\pgfarrowwidth=\dimen196
\pgfarrowlinewidth=\dimen197
)
(/private/var/mobile/Containers/Data/Application/9295D1C1-802A-4039-80FE-38A99D
EF0FAB/Library/texlive/2023/texmf-dist/tex/latex/siunitx/siunitx.sty
Package: siunitx 2023-04-13 v3.2.5 A comprehensive (SI) units package
\l__siunitx_angle_tmp_dim=\dimen198
\l__siunitx_angle_marker_box=\box63
\l__siunitx_angle_unit_box=\box64
\l__siunitx_compound_count_int=\count285

(/private/var/mobile/Containers/Data/Application/9295D1C1-802A-4039-80FE-38A99D
EF0FAB/Library/texlive/2023/texmf-dist/tex/latex/translations/translations.sty
Package: translations 2022/02/05 v1.12 internationalization of LaTeX2e packages
 (CN)

(/private/var/mobile/Containers/Data/Application/9295D1C1-802A-4039-80FE-38A99D
EF0FAB/Library/texlive/2023/texmf-dist/tex/latex/etoolbox/etoolbox.sty
Package: etoolbox 2020/10/05 v2.5k e-TeX tools for LaTeX (JAW)
\etb@tempcnta=\count286
)
(/private/var/mobile/Containers/Data/Application/9295D1C1-802A-4039-80FE-38A99D
EF0FAB/Library/texlive/2023/texmf-dist/tex/generic/pdftexcmds/pdftexcmds.sty
Package: pdftexcmds 2020-06-27 v0.33 Utility functions of pdfTeX for LuaTeX (HO
)

(/private/var/mobile/Containers/Data/Application/9295D1C1-802A-4039-80FE-38A99D
EF0FAB/Library/texlive/2023/texmf-dist/tex/generic/infwarerr/infwarerr.sty
Package: infwarerr 2019/12/03 v1.5 Providing info/warning/error messages (HO)
)
(/private/var/mobile/Containers/Data/Application/9295D1C1-802A-4039-80FE-38A99D
EF0FAB/Library/texlive/2023/texmf-dist/tex/generic/ltxcmds/ltxcmds.sty
Package: ltxcmds 2020-05-10 v1.25 LaTeX kernel commands for general use (HO)
)
Package pdftexcmds Info: \pdf@primitive is available.
Package pdftexcmds Info: \pdf@ifprimitive is available.
Package pdftexcmds Info: \pdfdraftmode found.
))
\l__siunitx_number_exponent_fixed_int=\count287
\l__siunitx_number_min_decimal_int=\count288
\l__siunitx_number_min_integer_int=\count289
\l__siunitx_number_round_precision_int=\count290
\l__siunitx_number_lower_threshold_int=\count291
\l__siunitx_number_upper_threshold_int=\count292
\l__siunitx_number_group_first_int=\count293
\l__siunitx_number_group_size_int=\count294
\l__siunitx_number_group_minimum_int=\count295

(/private/var/mobile/Containers/Data/Application/9295D1C1-802A-4039-80FE-38A99D
EF0FAB/Library/texlive/2023/texmf-dist/tex/latex/amsmath/amstext.sty
Package: amstext 2021/08/26 v2.01 AMS text

(/private/var/mobile/Containers/Data/Application/9295D1C1-802A-4039-80FE-38A99D
EF0FAB/Library/texlive/2023/texmf-dist/tex/latex/amsmath/amsgen.sty
File: amsgen.sty 1999/11/30 v2.0 generic functions
\@emptytoks=\toks32
\ex@=\dimen199
))
\l__siunitx_table_tmp_box=\box65
\l__siunitx_table_tmp_dim=\dimen256
\l__siunitx_table_column_width_dim=\dimen257
\l__siunitx_table_integer_box=\box66
\l__siunitx_table_decimal_box=\box67
\l__siunitx_table_uncert_box=\box68
\l__siunitx_table_before_box=\box69
\l__siunitx_table_after_box=\box70
\l__siunitx_table_before_dim=\dimen258
\l__siunitx_table_carry_dim=\dimen259
\l__siunitx_unit_tmp_int=\count296
\l__siunitx_unit_position_int=\count297
\l__siunitx_unit_total_int=\count298

(/private/var/mobile/Containers/Data/Application/9295D1C1-802A-4039-80FE-38A99D
EF0FAB/Library/texlive/2023/texmf-dist/tex/latex/tools/array.sty
Package: array 2022/09/04 v2.5g Tabular extension package (FMi)
\col@sep=\dimen260
\ar@mcellbox=\box71
\extrarowheight=\dimen261
\NC@list=\toks33
\extratabsurround=\skip50
\backup@length=\skip51
\ar@cellbox=\box72
))
(/private/var/mobile/Containers/Data/Application/9295D1C1-802A-4039-80FE-38A99D
EF0FAB/Library/texlive/2023/texmf-dist/tex/generic/pgf/frontendlayer/tikz/libra
ries/tikzlibrarybackgrounds.code.tex
File: tikzlibrarybackgrounds.code.tex 2023-01-15 v3.1.10 (3.1.10)
\pgf@layerbox@background=\box73
\pgf@layerboxsaved@background=\box74
)
(/private/var/mobile/Containers/Data/Application/9295D1C1-802A-4039-80FE-38A99D
EF0FAB/Library/texlive/2023/texmf-dist/tex/latex/tkz-euclide/tkz-euclide.sty
2023/02/03 5.02c tkz-euclide.sty
Package: tkz-euclide  2023/02/03 5.02c for pure Euclidean Geometry 

(/private/var/mobile/Containers/Data/Application/9295D1C1-802A-4039-80FE-38A99D
EF0FAB/Library/texlive/2023/texmf-dist/tex/generic/pgf/frontendlayer/tikz/libra
ries/tikzlibraryangles.code.tex
File: tikzlibraryangles.code.tex 2023-01-15 v3.1.10 (3.1.10)
)
(/private/var/mobile/Containers/Data/Application/9295D1C1-802A-4039-80FE-38A99D
EF0FAB/Library/texlive/2023/texmf-dist/tex/generic/pgf/frontendlayer/tikz/libra
ries/tikzlibraryarrows.code.tex
File: tikzlibraryarrows.code.tex 2023-01-15 v3.1.10 (3.1.10)

(/private/var/mobile/Containers/Data/Application/9295D1C1-802A-4039-80FE-38A99D
EF0FAB/Library/texlive/2023/texmf-dist/tex/generic/pgf/libraries/pgflibraryarro
ws.code.tex
File: pgflibraryarrows.code.tex 2023-01-15 v3.1.10 (3.1.10)
\arrowsize=\dimen262
))
(/private/var/mobile/Containers/Data/Application/9295D1C1-802A-4039-80FE-38A99D
EF0FAB/Library/texlive/2023/texmf-dist/tex/generic/pgf/frontendlayer/tikz/libra
ries/tikzlibrarycalc.code.tex
File: tikzlibrarycalc.code.tex 2023-01-15 v3.1.10 (3.1.10)
)
(/private/var/mobile/Containers/Data/Application/9295D1C1-802A-4039-80FE-38A99D
EF0FAB/Library/texlive/2023/texmf-dist/tex/generic/pgf/frontendlayer/tikz/libra
ries/tikzlibrarydecorations.code.tex
(/private/var/mobile/Containers/Data/Application/9295D1C1-802A-4039-80FE-38A99D
EF0FAB/Library/texlive/2023/texmf-dist/tex/generic/pgf/modules/pgfmoduledecorat
ions.code.tex
\pgfdecoratedcompleteddistance=\dimen263
\pgfdecoratedremainingdistance=\dimen264
\pgfdecoratedinputsegmentcompleteddistance=\dimen265
\pgfdecoratedinputsegmentremainingdistance=\dimen266
\pgf@decorate@distancetomove=\dimen267
\pgf@decorate@repeatstate=\count299
\pgfdecorationsegmentamplitude=\dimen268
\pgfdecorationsegmentlength=\dimen269
)
\tikz@lib@dec@box=\box75
)
(/private/var/mobile/Containers/Data/Application/9295D1C1-802A-4039-80FE-38A99D
EF0FAB/Library/texlive/2023/texmf-dist/tex/generic/pgf/frontendlayer/tikz/libra
ries/tikzlibrarydecorations.markings.code.tex
(/private/var/mobile/Containers/Data/Application/9295D1C1-802A-4039-80FE-38A99D
EF0FAB/Library/texlive/2023/texmf-dist/tex/generic/pgf/libraries/decorations/pg
flibrarydecorations.markings.code.tex))
(/private/var/mobile/Containers/Data/Application/9295D1C1-802A-4039-80FE-38A99D
EF0FAB/Library/texlive/2023/texmf-dist/tex/generic/pgf/frontendlayer/tikz/libra
ries/tikzlibrarydecorations.pathreplacing.code.tex
(/private/var/mobile/Containers/Data/Application/9295D1C1-802A-4039-80FE-38A99D
EF0FAB/Library/texlive/2023/texmf-dist/tex/generic/pgf/libraries/decorations/pg
flibrarydecorations.pathreplacing.code.tex))
(/private/var/mobile/Containers/Data/Application/9295D1C1-802A-4039-80FE-38A99D
EF0FAB/Library/texlive/2023/texmf-dist/tex/generic/pgf/frontendlayer/tikz/libra
ries/tikzlibrarydecorations.shapes.code.tex
(/private/var/mobile/Containers/Data/Application/9295D1C1-802A-4039-80FE-38A99D
EF0FAB/Library/texlive/2023/texmf-dist/tex/generic/pgf/libraries/decorations/pg
flibrarydecorations.shapes.code.tex))
(/private/var/mobile/Containers/Data/Application/9295D1C1-802A-4039-80FE-38A99D
EF0FAB/Library/texlive/2023/texmf-dist/tex/generic/pgf/frontendlayer/tikz/libra
ries/tikzlibrarydecorations.text.code.tex
(/private/var/mobile/Containers/Data/Application/9295D1C1-802A-4039-80FE-38A99D
EF0FAB/Library/texlive/2023/texmf-dist/tex/generic/pgf/libraries/decorations/pg
flibrarydecorations.text.code.tex
\pgf@lib@dec@text@box=\box76
)
\tikz@lib@dec@te@box=\box77
)
(/private/var/mobile/Containers/Data/Application/9295D1C1-802A-4039-80FE-38A99D
EF0FAB/Library/texlive/2023/texmf-dist/tex/generic/pgf/frontendlayer/tikz/libra
ries/tikzlibrarydecorations.pathmorphing.code.tex
(/private/var/mobile/Containers/Data/Application/9295D1C1-802A-4039-80FE-38A99D
EF0FAB/Library/texlive/2023/texmf-dist/tex/generic/pgf/libraries/decorations/pg
flibrarydecorations.pathmorphing.code.tex))
(/private/var/mobile/Containers/Data/Application/9295D1C1-802A-4039-80FE-38A99D
EF0FAB/Library/texlive/2023/texmf-dist/tex/generic/pgf/frontendlayer/tikz/libra
ries/tikzlibraryintersections.code.tex
(/private/var/mobile/Containers/Data/Application/9295D1C1-802A-4039-80FE-38A99D
EF0FAB/Library/texlive/2023/texmf-dist/tex/generic/pgf/libraries/pgflibraryinte
rsections.code.tex
(/private/var/mobile/Containers/Data/Application/9295D1C1-802A-4039-80FE-38A99D
EF0FAB/Library/texlive/2023/texmf-dist/tex/generic/pgf/libraries/pgflibraryfpu.
code.tex)
\pgf@intersect@solutions=\count300
))
(/private/var/mobile/Containers/Data/Application/9295D1C1-802A-4039-80FE-38A99D
EF0FAB/Library/texlive/2023/texmf-dist/tex/generic/pgf/frontendlayer/tikz/libra
ries/tikzlibrarymath.code.tex
(/private/var/mobile/Containers/Data/Application/9295D1C1-802A-4039-80FE-38A99D
EF0FAB/Library/texlive/2023/texmf-dist/tex/generic/pgf/frontendlayer/tikz/libra
ries/tikzlibraryfpu.code.tex)
\tikz@math@for@depth=\count301
\tikz@math@dimen=\dimen270
\tikz@math@toks=\toks34
)
(/private/var/mobile/Containers/Data/Application/9295D1C1-802A-4039-80FE-38A99D
EF0FAB/Library/texlive/2023/texmf-dist/tex/generic/pgf/frontendlayer/tikz/libra
ries/tikzlibraryplotmarks.code.tex
File: tikzlibraryplotmarks.code.tex 2023-01-15 v3.1.10 (3.1.10)

(/private/var/mobile/Containers/Data/Application/9295D1C1-802A-4039-80FE-38A99D
EF0FAB/Library/texlive/2023/texmf-dist/tex/generic/pgf/libraries/pgflibraryplot
marks.code.tex
File: pgflibraryplotmarks.code.tex 2023-01-15 v3.1.10 (3.1.10)
))
(/private/var/mobile/Containers/Data/Application/9295D1C1-802A-4039-80FE-38A99D
EF0FAB/Library/texlive/2023/texmf-dist/tex/generic/pgf/frontendlayer/tikz/libra
ries/tikzlibrarypositioning.code.tex
File: tikzlibrarypositioning.code.tex 2023-01-15 v3.1.10 (3.1.10)
)
(/private/var/mobile/Containers/Data/Application/9295D1C1-802A-4039-80FE-38A99D
EF0FAB/Library/texlive/2023/texmf-dist/tex/generic/pgf/frontendlayer/tikz/libra
ries/tikzlibraryquotes.code.tex
File: tikzlibraryquotes.code.tex 2023-01-15 v3.1.10 (3.1.10)
)
(/private/var/mobile/Containers/Data/Application/9295D1C1-802A-4039-80FE-38A99D
EF0FAB/Library/texlive/2023/texmf-dist/tex/generic/pgf/frontendlayer/tikz/libra
ries/tikzlibraryshapes.misc.code.tex
File: tikzlibraryshapes.misc.code.tex 2023-01-15 v3.1.10 (3.1.10)

(/private/var/mobile/Containers/Data/Application/9295D1C1-802A-4039-80FE-38A99D
EF0FAB/Library/texlive/2023/texmf-dist/tex/generic/pgf/libraries/shapes/pgflibr
aryshapes.misc.code.tex
File: pgflibraryshapes.misc.code.tex 2023-01-15 v3.1.10 (3.1.10)
))
(/private/var/mobile/Containers/Data/Application/9295D1C1-802A-4039-80FE-38A99D
EF0FAB/Library/texlive/2023/texmf-dist/tex/generic/pgf/frontendlayer/tikz/libra
ries/tikzlibrarythrough.code.tex
File: tikzlibrarythrough.code.tex 2023-01-15 v3.1.10 (3.1.10)
)
(/private/var/mobile/Containers/Data/Application/9295D1C1-802A-4039-80FE-38A99D
EF0FAB/Library/texlive/2023/texmf-dist/tex/latex/l3packages/xfp/xfp.sty
(/private/var/mobile/Containers/Data/Application/9295D1C1-802A-4039-80FE-38A99D
EF0FAB/Library/texlive/2023/texmf-dist/tex/latex/l3kernel/expl3.sty
Package: expl3 2023-04-20 L3 programming layer (loader) 

(/private/var/mobile/Containers/Data/Application/9295D1C1-802A-4039-80FE-38A99D
EF0FAB/Library/texlive/2023/texmf-dist/tex/latex/l3backend/l3backend-pdftex.def
File: l3backend-pdftex.def 2023-04-19 L3 backend support: PDF output (pdfTeX)
\l__color_backend_stack_int=\count302
\l__pdf_internal_box=\box78
))
Package: xfp 2023-02-02 L3 Floating point unit
)
(/private/var/mobile/Containers/Data/Application/9295D1C1-802A-4039-80FE-38A99D
EF0FAB/Library/texlive/2023/texmf-dist/tex/latex/xpatch/xpatch.sty
Package: xpatch 2020/03/25 v0.3a Extending etoolbox patching commands

(/private/var/mobile/Containers/Data/Application/9295D1C1-802A-4039-80FE-38A99D
EF0FAB/Library/texlive/2023/texmf-dist/tex/latex/l3packages/xparse/xparse.sty
Package: xparse 2023-02-02 L3 Experimental document command parser
))
\tkzRadius=\dimen271
\tkzLength=\dimen272
\tkz@radi=\dimen273
\tkz@ax=\dimen274
\tkz@ay=\dimen275
\tkz@bx=\dimen276
\tkz@by=\dimen277
\tkz@cx=\dimen278
\tkz@cy=\dimen279
\tkz@dx=\dimen280
\tkz@dy=\dimen281
\tkz@cntmk=\count303
Local configuration file tkz-euclide.cfg found and used

(/private/var/mobile/Containers/Data/Application/9295D1C1-802A-4039-80FE-38A99D
EF0FAB/Library/texlive/2023/texmf-dist/tex/latex/tkz-euclide/tkz-euclide.cfg
2023/02/03 5.02c tkz-euclide.cfg
)
(/private/var/mobile/Containers/Data/Application/9295D1C1-802A-4039-80FE-38A99D
EF0FAB/Library/texlive/2023/texmf-dist/tex/latex/tkz-euclide/tkz-tools-eu-base.
tex
2023/02/03 5.02c tkz-tools-eu-base.tex
)
(/private/var/mobile/Containers/Data/Application/9295D1C1-802A-4039-80FE-38A99D
EF0FAB/Library/texlive/2023/texmf-dist/tex/latex/tkz-euclide/tkz-tools-eu-utili
ties.tex
2023/02/03 5.02c tkz-tools-eu-utilities.tex
)
(/private/var/mobile/Containers/Data/Application/9295D1C1-802A-4039-80FE-38A99D
EF0FAB/Library/texlive/2023/texmf-dist/tex/latex/tkz-euclide/tkz-tools-eu-BB.te
x
2023/02/03 5.02c tkz-obj-eu-BB.tex
)
(/private/var/mobile/Containers/Data/Application/9295D1C1-802A-4039-80FE-38A99D
EF0FAB/Library/texlive/2023/texmf-dist/tex/latex/tkz-euclide/tkz-obj-eu-grids.t
ex
2023/02/03 5.02c tkz-obj-eu-grids.tex
)
(/private/var/mobile/Containers/Data/Application/9295D1C1-802A-4039-80FE-38A99D
EF0FAB/Library/texlive/2023/texmf-dist/tex/latex/tkz-euclide/tkz-lib-eu-marks.t
ex
2023/02/03 5.02c tkz-lib-eu-marks.tex
)
(/private/var/mobile/Containers/Data/Application/9295D1C1-802A-4039-80FE-38A99D
EF0FAB/Library/texlive/2023/texmf-dist/tex/latex/tkz-euclide/tkz-tools-eu-text.
tex
2023/02/03 5.02c tkz-tools-eu-text.tex
)
(/private/var/mobile/Containers/Data/Application/9295D1C1-802A-4039-80FE-38A99D
EF0FAB/Library/texlive/2023/texmf-dist/tex/latex/tkz-euclide/tkz-lib-eu-shape.t
ex
2023/02/03 5.02c tkz-lib-eu-shape.tex
)
(/private/var/mobile/Containers/Data/Application/9295D1C1-802A-4039-80FE-38A99D
EF0FAB/Library/texlive/2023/texmf-dist/tex/latex/tkz-euclide/tkz-obj-eu-axesmin
.tex
2023/02/03 5.02c tkz-obj-eu-axesmin
)
(/private/var/mobile/Containers/Data/Application/9295D1C1-802A-4039-80FE-38A99D
EF0FAB/Library/texlive/2023/texmf-dist/tex/latex/tkz-euclide/tkz-tools-eu-color
s.tex
2023/02/03 5.02c tkz-tools-eu-colors
)
(/private/var/mobile/Containers/Data/Application/9295D1C1-802A-4039-80FE-38A99D
EF0FAB/Library/texlive/2023/texmf-dist/tex/latex/tkz-euclide/tkz-obj-eu-points.
tex
2023/02/03 5.02c tkz-obj-eu-points.tex
)
(/private/var/mobile/Containers/Data/Application/9295D1C1-802A-4039-80FE-38A99D
EF0FAB/Library/texlive/2023/texmf-dist/tex/latex/tkz-euclide/tkz-draw-eu-points
.tex
2023/01/24 5.01c tkz-draw-points.tex
)
(/private/var/mobile/Containers/Data/Application/9295D1C1-802A-4039-80FE-38A99D
EF0FAB/Library/texlive/2023/texmf-dist/tex/latex/tkz-euclide/tkz-obj-eu-points.
tex
2023/02/03 5.02c tkz-obj-eu-points.tex
)
(/private/var/mobile/Containers/Data/Application/9295D1C1-802A-4039-80FE-38A99D
EF0FAB/Library/texlive/2023/texmf-dist/tex/latex/tkz-euclide/tkz-obj-eu-points-
by.tex
2023/02/03 5.02c tkz-tools-eu-points-by.tex
)
(/private/var/mobile/Containers/Data/Application/9295D1C1-802A-4039-80FE-38A99D
EF0FAB/Library/texlive/2023/texmf-dist/tex/latex/tkz-euclide/tkz-tools-eu-math.
tex
2023/02/03 5.02c tkz-tools-eu-math.tex
)
(/private/var/mobile/Containers/Data/Application/9295D1C1-802A-4039-80FE-38A99D
EF0FAB/Library/texlive/2023/texmf-dist/tex/latex/tkz-euclide/tkz-tools-eu-inter
sections.tex
2023/02/03 5.02c tkz-tools-eu-intersections.tex
)
(/private/var/mobile/Containers/Data/Application/9295D1C1-802A-4039-80FE-38A99D
EF0FAB/Library/texlive/2023/texmf-dist/tex/latex/tkz-euclide/tkz-obj-eu-points-
with.tex
2023/02/03 5.02c tkz-obj-eu-points-with.tex
)
(/private/var/mobile/Containers/Data/Application/9295D1C1-802A-4039-80FE-38A99D
EF0FAB/Library/texlive/2023/texmf-dist/tex/latex/tkz-euclide/tkz-obj-eu-points-
spc.tex
2023/02/03 5.02c tkz-obj-el-points.tex
)
(/private/var/mobile/Containers/Data/Application/9295D1C1-802A-4039-80FE-38A99D
EF0FAB/Library/texlive/2023/texmf-dist/tex/latex/tkz-euclide/tkz-tools-eu-angle
s.tex
2023/02/03 5.02c tkz-tools-eu-angles.tex
)
(/private/var/mobile/Containers/Data/Application/9295D1C1-802A-4039-80FE-38A99D
EF0FAB/Library/texlive/2023/texmf-dist/tex/latex/tkz-euclide/tkz-obj-eu-points-
rnd.tex
2023/02/03 5.02c tkz-obj-eu-points-rnd.tex
)
(/private/var/mobile/Containers/Data/Application/9295D1C1-802A-4039-80FE-38A99D
EF0FAB/Library/texlive/2023/texmf-dist/tex/latex/tkz-euclide/tkz-obj-eu-circles
.tex
2023/02/03 5.02c tkz-obj-eu-circles.tex
)
(/private/var/mobile/Containers/Data/Application/9295D1C1-802A-4039-80FE-38A99D
EF0FAB/Library/texlive/2023/texmf-dist/tex/latex/tkz-euclide/tkz-obj-eu-circles
-by.tex
2023/02/03 5.02c tkz-obj-eu-circles.tex
)
(/private/var/mobile/Containers/Data/Application/9295D1C1-802A-4039-80FE-38A99D
EF0FAB/Library/texlive/2023/texmf-dist/tex/latex/tkz-euclide/tkz-obj-eu-lines.t
ex
2023/02/03 5.02c tkz-obj-eu-lines.tex
)
(/private/var/mobile/Containers/Data/Application/9295D1C1-802A-4039-80FE-38A99D
EF0FAB/Library/texlive/2023/texmf-dist/tex/latex/tkz-euclide/tkz-obj-eu-polygon
s.tex
2023/02/03 5.02c tkz-obj-eu-polygons.tex
)
(/private/var/mobile/Containers/Data/Application/9295D1C1-802A-4039-80FE-38A99D
EF0FAB/Library/texlive/2023/texmf-dist/tex/latex/tkz-euclide/tkz-obj-eu-triangl
es.tex
2023/02/03 5.02c tkz-obj-eu-triangles.tex
)
(/private/var/mobile/Containers/Data/Application/9295D1C1-802A-4039-80FE-38A99D
EF0FAB/Library/texlive/2023/texmf-dist/tex/latex/tkz-euclide/tkz-draw-eu-lines.
tex
2023/02/03 5.02c tkz-obj-eu-draw-lines.tex
)
(/private/var/mobile/Containers/Data/Application/9295D1C1-802A-4039-80FE-38A99D
EF0FAB/Library/texlive/2023/texmf-dist/tex/latex/tkz-euclide/tkz-draw-eu-circle
s.tex
2023/02/03 5.02c tkz-obj-eu-draw-circles.tex
)
(/private/var/mobile/Containers/Data/Application/9295D1C1-802A-4039-80FE-38A99D
EF0FAB/Library/texlive/2023/texmf-dist/tex/latex/tkz-euclide/tkz-draw-eu-polygo
ns.tex
2023/02/03 5.02c tkz-obj-eu-polygons.tex
)
(/private/var/mobile/Containers/Data/Application/9295D1C1-802A-4039-80FE-38A99D
EF0FAB/Library/texlive/2023/texmf-dist/tex/latex/tkz-euclide/tkz-draw-eu-angles
.tex
2023/02/03 5.02c tkz-tool-eu-angles.tex
)
(/private/var/mobile/Containers/Data/Application/9295D1C1-802A-4039-80FE-38A99D
EF0FAB/Library/texlive/2023/texmf-dist/tex/latex/tkz-euclide/tkz-draw-eu-sector
s.tex
2023/02/03 5.02c tkz-obj-eu-sectors.tex
)
(/private/var/mobile/Containers/Data/Application/9295D1C1-802A-4039-80FE-38A99D
EF0FAB/Library/texlive/2023/texmf-dist/tex/latex/tkz-euclide/tkz-draw-eu-compas
s.tex
2023/02/03 5.02c tkz-obj-eu-compass.tex
)
(/private/var/mobile/Containers/Data/Application/9295D1C1-802A-4039-80FE-38A99D
EF0FAB/Library/texlive/2023/texmf-dist/tex/latex/tkz-euclide/tkz-draw-eu-show.t
ex
2023/02/03 5.02c tkz-obj-eu-show.tex
)
(/private/var/mobile/Containers/Data/Application/9295D1C1-802A-4039-80FE-38A99D
EF0FAB/Library/texlive/2023/texmf-dist/tex/latex/tkz-euclide/tkz-draw-eu-protra
ctor.tex
2023/02/03 5.02c tkz-obj-eu-protractor.tex
))
(/private/var/mobile/Containers/Data/Application/9295D1C1-802A-4039-80FE-38A99D
EF0FAB/Library/texlive/2023/texmf-dist/tex/latex/pgfplots/pgfplots.sty
(/private/var/mobile/Containers/Data/Application/9295D1C1-802A-4039-80FE-38A99D
EF0FAB/Library/texlive/2023/texmf-dist/tex/generic/pgfplots/pgfplots.revision.t
ex)
Package: pgfplots 2021/05/15 v1.18.1 Data Visualization (1.18.1)

(/private/var/mobile/Containers/Data/Application/9295D1C1-802A-4039-80FE-38A99D
EF0FAB/Library/texlive/2023/texmf-dist/tex/generic/pgfplots/pgfplots.code.tex
(/private/var/mobile/Containers/Data/Application/9295D1C1-802A-4039-80FE-38A99D
EF0FAB/Library/texlive/2023/texmf-dist/tex/generic/pgfplots/pgfplotscore.code.t
ex
\t@pgfplots@toka=\toks35
\t@pgfplots@tokb=\toks36
\t@pgfplots@tokc=\toks37
\pgfplots@tmpa=\dimen282
\c@pgfplots@coordindex=\count304
\c@pgfplots@scanlineindex=\count305

(/private/var/mobile/Containers/Data/Application/9295D1C1-802A-4039-80FE-38A99D
EF0FAB/Library/texlive/2023/texmf-dist/tex/generic/pgfplots/sys/pgfplotssysgene
ric.code.tex))
(/private/var/mobile/Containers/Data/Application/9295D1C1-802A-4039-80FE-38A99D
EF0FAB/Library/texlive/2023/texmf-dist/tex/generic/pgfplots/libs/pgfplotslibrar
y.code.tex)
(/private/var/mobile/Containers/Data/Application/9295D1C1-802A-4039-80FE-38A99D
EF0FAB/Library/texlive/2023/texmf-dist/tex/generic/pgfplots/oldpgfcompatib/pgfp
lotsoldpgfsupp_loader.code.tex
Package pgfplots: loading complementary utilities for your pgf version...
\t@pgf@toka=\toks38
\t@pgf@tokb=\toks39
\t@pgf@tokc=\toks40

(/private/var/mobile/Containers/Data/Application/9295D1C1-802A-4039-80FE-38A99D
EF0FAB/Library/texlive/2023/texmf-dist/tex/generic/pgfplots/oldpgfcompatib/pgfp
lotsoldpgfsupp_pgfutil-common-lists.tex))
(/private/var/mobile/Containers/Data/Application/9295D1C1-802A-4039-80FE-38A99D
EF0FAB/Library/texlive/2023/texmf-dist/tex/generic/pgfplots/util/pgfplotsutil.c
ode.tex
(/private/var/mobile/Containers/Data/Application/9295D1C1-802A-4039-80FE-38A99D
EF0FAB/Library/texlive/2023/texmf-dist/tex/generic/pgfplots/liststructure/pgfpl
otsliststructure.code.tex)
(/private/var/mobile/Containers/Data/Application/9295D1C1-802A-4039-80FE-38A99D
EF0FAB/Library/texlive/2023/texmf-dist/tex/generic/pgfplots/liststructure/pgfpl
otsliststructureext.code.tex)
(/private/var/mobile/Containers/Data/Application/9295D1C1-802A-4039-80FE-38A99D
EF0FAB/Library/texlive/2023/texmf-dist/tex/generic/pgfplots/liststructure/pgfpl
otsarray.code.tex
\c@pgfplotsarray@tmp=\count306
)
(/private/var/mobile/Containers/Data/Application/9295D1C1-802A-4039-80FE-38A99D
EF0FAB/Library/texlive/2023/texmf-dist/tex/generic/pgfplots/liststructure/pgfpl
otsmatrix.code.tex)
(/private/var/mobile/Containers/Data/Application/9295D1C1-802A-4039-80FE-38A99D
EF0FAB/Library/texlive/2023/texmf-dist/tex/generic/pgfplots/numtable/pgfplotsta
bleshared.code.tex
\c@pgfplotstable@counta=\count307
\t@pgfplotstable@a=\toks41
)
(/private/var/mobile/Containers/Data/Application/9295D1C1-802A-4039-80FE-38A99D
EF0FAB/Library/texlive/2023/texmf-dist/tex/generic/pgfplots/liststructure/pgfpl
otsdeque.code.tex)
(/private/var/mobile/Containers/Data/Application/9295D1C1-802A-4039-80FE-38A99D
EF0FAB/Library/texlive/2023/texmf-dist/tex/generic/pgfplots/util/pgfplotsbinary
.code.tex
(/private/var/mobile/Containers/Data/Application/9295D1C1-802A-4039-80FE-38A99D
EF0FAB/Library/texlive/2023/texmf-dist/tex/generic/pgfplots/util/pgfplotsbinary
.data.code.tex))
(/private/var/mobile/Containers/Data/Application/9295D1C1-802A-4039-80FE-38A99D
EF0FAB/Library/texlive/2023/texmf-dist/tex/generic/pgfplots/util/pgfplotsutil.v
erb.code.tex)
(/private/var/mobile/Containers/Data/Application/9295D1C1-802A-4039-80FE-38A99D
EF0FAB/Library/texlive/2023/texmf-dist/tex/generic/pgfplots/libs/pgflibrarypgfp
lots.surfshading.code.tex
\c@pgfplotslibrarysurf@no=\count308

(/private/var/mobile/Containers/Data/Application/9295D1C1-802A-4039-80FE-38A99D
EF0FAB/Library/texlive/2023/texmf-dist/tex/generic/pgfplots/sys/pgflibrarypgfpl
ots.surfshading.pgfsys-pdftex.def)))
(/private/var/mobile/Containers/Data/Application/9295D1C1-802A-4039-80FE-38A99D
EF0FAB/Library/texlive/2023/texmf-dist/tex/generic/pgfplots/util/pgfplotscolorm
ap.code.tex
(/private/var/mobile/Containers/Data/Application/9295D1C1-802A-4039-80FE-38A99D
EF0FAB/Library/texlive/2023/texmf-dist/tex/generic/pgfplots/util/pgfplotscolor.
code.tex))
(/private/var/mobile/Containers/Data/Application/9295D1C1-802A-4039-80FE-38A99D
EF0FAB/Library/texlive/2023/texmf-dist/tex/generic/pgfplots/pgfplotsstackedplot
s.code.tex)
(/private/var/mobile/Containers/Data/Application/9295D1C1-802A-4039-80FE-38A99D
EF0FAB/Library/texlive/2023/texmf-dist/tex/generic/pgfplots/pgfplotsplothandler
s.code.tex
(/private/var/mobile/Containers/Data/Application/9295D1C1-802A-4039-80FE-38A99D
EF0FAB/Library/texlive/2023/texmf-dist/tex/generic/pgfplots/pgfplotsmeshplothan
dler.code.tex
(/private/var/mobile/Containers/Data/Application/9295D1C1-802A-4039-80FE-38A99D
EF0FAB/Library/texlive/2023/texmf-dist/tex/generic/pgfplots/pgfplotsmeshplotima
ge.code.tex)))
(/private/var/mobile/Containers/Data/Application/9295D1C1-802A-4039-80FE-38A99D
EF0FAB/Library/texlive/2023/texmf-dist/tex/generic/pgfplots/pgfplots.scaling.co
de.tex)
(/private/var/mobile/Containers/Data/Application/9295D1C1-802A-4039-80FE-38A99D
EF0FAB/Library/texlive/2023/texmf-dist/tex/generic/pgfplots/pgfplotscoordproces
sing.code.tex)
(/private/var/mobile/Containers/Data/Application/9295D1C1-802A-4039-80FE-38A99D
EF0FAB/Library/texlive/2023/texmf-dist/tex/generic/pgfplots/pgfplots.errorbars.
code.tex)
(/private/var/mobile/Containers/Data/Application/9295D1C1-802A-4039-80FE-38A99D
EF0FAB/Library/texlive/2023/texmf-dist/tex/generic/pgfplots/pgfplots.markers.co
de.tex)
(/private/var/mobile/Containers/Data/Application/9295D1C1-802A-4039-80FE-38A99D
EF0FAB/Library/texlive/2023/texmf-dist/tex/generic/pgfplots/pgfplotsticks.code.
tex)
(/private/var/mobile/Containers/Data/Application/9295D1C1-802A-4039-80FE-38A99D
EF0FAB/Library/texlive/2023/texmf-dist/tex/generic/pgfplots/pgfplots.paths.code
.tex)
(/private/var/mobile/Containers/Data/Application/9295D1C1-802A-4039-80FE-38A99D
EF0FAB/Library/texlive/2023/texmf-dist/tex/generic/pgfplots/libs/tikzlibrarypgf
plots.contourlua.code.tex)
\pgfplots@numplots=\count309
\pgfplots@xmin@reg=\dimen283
\pgfplots@xmax@reg=\dimen284
\pgfplots@ymin@reg=\dimen285
\pgfplots@ymax@reg=\dimen286
\pgfplots@zmin@reg=\dimen287
\pgfplots@zmax@reg=\dimen288
)) (./laser-1.aux)
\openout1 = `laser-1.aux'.

LaTeX Font Info:    Checking defaults for OML/cmm/m/it on input line 74.
LaTeX Font Info:    ... okay on input line 74.
LaTeX Font Info:    Checking defaults for OMS/cmsy/m/n on input line 74.
LaTeX Font Info:    ... okay on input line 74.
LaTeX Font Info:    Checking defaults for OT1/cmr/m/n on input line 74.
LaTeX Font Info:    ... okay on input line 74.
LaTeX Font Info:    Checking defaults for T1/cmr/m/n on input line 74.
LaTeX Font Info:    ... okay on input line 74.
LaTeX Font Info:    Checking defaults for TS1/cmr/m/n on input line 74.
LaTeX Font Info:    ... okay on input line 74.
LaTeX Font Info:    Checking defaults for OMX/cmex/m/n on input line 74.
LaTeX Font Info:    ... okay on input line 74.
LaTeX Font Info:    Checking defaults for U/cmr/m/n on input line 74.
LaTeX Font Info:    ... okay on input line 74.

(/private/var/mobile/Containers/Data/Application/9295D1C1-802A-4039-80FE-38A99D
EF0FAB/Library/texlive/2023/texmf-dist/tex/context/base/mkii/supp-pdf.mkii
[Loading MPS to PDF converter (version 2006.09.02).]
\scratchcounter=\count310
\scratchdimen=\dimen289
\scratchbox=\box79
\nofMPsegments=\count311
\nofMParguments=\count312
\everyMPshowfont=\toks42
\MPscratchCnt=\count313
\MPscratchDim=\dimen290
\MPnumerator=\count314
\makeMPintoPDFobject=\count315
\everyMPtoPDFconversion=\toks43
)
(/private/var/mobile/Containers/Data/Application/9295D1C1-802A-4039-80FE-38A99D
EF0FAB/Library/texlive/2023/texmf-dist/tex/latex/epstopdf-pkg/epstopdf-base.sty
Package: epstopdf-base 2020-01-24 v2.11 Base part for package epstopdf
Package epstopdf-base Info: Redefining graphics rule for `.eps' on input line 4
85.

(/private/var/mobile/Containers/Data/Application/9295D1C1-802A-4039-80FE-38A99D
EF0FAB/Library/texlive/2023/texmf-dist/tex/latex/latexconfig/epstopdf-sys.cfg
File: epstopdf-sys.cfg 2010/07/13 v1.3 Configuration of (r)epstopdf for TeX Liv
e
))
(/private/var/mobile/Containers/Data/Application/9295D1C1-802A-4039-80FE-38A99D
EF0FAB/Library/texlive/2023/texmf-dist/tex/latex/translations/translations-basi
c-dictionary-german.trsl
File: translations-basic-dictionary-german.trsl (german translation file `trans
lations-basic-dictionary')
)
Package translations Info: loading dictionary `translations-basic-dictionary' f
or `german'. on input line 74.

Package pgfplots notification 'compat/show suggested version=true': document ha
s been generated with the most recent feature set (\pgfplotsset{compat=1.18}).

LaTeX Font Info:    External font `cmex10' loaded for size
(Font)              <20.74> on input line 89.
LaTeX Font Info:    External font `cmex10' loaded for size
(Font)              <14.4> on input line 89.
LaTeX Font Info:    External font `cmex10' loaded for size
(Font)              <12> on input line 89.
[1

{/private/var/mobile/Containers/Data/Application/9295D1C1-802A-4039-80FE-38A99D
EF0FAB/Library/texlive/2023/texmf-var/fonts/map/pdftex/updmap/pdftex.map}]
(./laser-1.aux) ) 
Here is how much of TeX's memory you used:
 32139 strings out of 476001
 896832 string characters out of 5748288
 1856074 words of memory out of 5000000
 52040 multiletter control sequences out of 15000+600000
 515948 words of font info for 44 fonts, out of 8000000 for 9000
 1141 hyphenation exceptions out of 8191
 117i,7n,118p,1154b,768s stack positions out of 10000i,1000n,20000p,200000b,200000s
</private/var/mobile/Containers/Data/Application/9295D1C1-802A
-4039-80FE-38A99DEF0FAB/Library/texlive/2023/texmf-dist/fonts/type1/public/amsf
onts/cm/cmbx12.pfb>
Output written on laser-1.pdf (1 page, 11176 bytes).
PDF statistics:
 18 PDF objects out of 1000 (max. 8388607)
 11 compressed objects within 1 object stream
 0 named destinations out of 1000 (max. 500000)
 19 words of extra memory for PDF output out of 10000 (max. 10000000)

