This is pdfTeX, Version 3.141592653-2.6-1.40.25 (TeX Live 2023) (preloaded format=pdflatex 2023.5.5)  12 JUN 2023 08:03
entering extended mode
 restricted \write18 enabled.
 %&-line parsing enabled.
**"Transformator 1.tex"
(./Transformator 1.tex
LaTeX2e <2022-11-01> patch level 1
L3 programming layer <2023-04-20>
(/private/var/mobile/Containers/Data/Application/9295D1C1-802A-4039-80FE-38A99D
EF0FAB/Library/texlive/2023/texmf-dist/tex/latex/standalone/standalone.cls
Document Class: standalone 2022/10/10 v1.3b Class to compile TeX sub-files stan
dalone

(/private/var/mobile/Containers/Data/Application/9295D1C1-802A-4039-80FE-38A99D
EF0FAB/Library/texlive/2023/texmf-dist/tex/latex/tools/shellesc.sty
Package: shellesc 2019/11/08 v1.0c unified shell escape interface for LaTeX
Package shellesc Info: Restricted shell escape enabled on input line 77.
)
(/private/var/mobile/Containers/Data/Application/9295D1C1-802A-4039-80FE-38A99D
EF0FAB/Library/texlive/2023/texmf-dist/tex/generic/iftex/ifluatex.sty
Package: ifluatex 2019/10/25 v1.5 ifluatex legacy package. Use iftex instead.

(/private/var/mobile/Containers/Data/Application/9295D1C1-802A-4039-80FE-38A99D
EF0FAB/Library/texlive/2023/texmf-dist/tex/generic/iftex/iftex.sty
Package: iftex 2022/02/03 v1.0f TeX engine tests
))
(/private/var/mobile/Containers/Data/Application/9295D1C1-802A-4039-80FE-38A99D
EF0FAB/Library/texlive/2023/texmf-dist/tex/latex/xkeyval/xkeyval.sty
Package: xkeyval 2022/06/16 v2.9 package option processing (HA)

(/private/var/mobile/Containers/Data/Application/9295D1C1-802A-4039-80FE-38A99D
EF0FAB/Library/texlive/2023/texmf-dist/tex/generic/xkeyval/xkeyval.tex
(/private/var/mobile/Containers/Data/Application/9295D1C1-802A-4039-80FE-38A99D
EF0FAB/Library/texlive/2023/texmf-dist/tex/generic/xkeyval/xkvutils.tex
\XKV@toks=\toks16
\XKV@tempa@toks=\toks17

(/private/var/mobile/Containers/Data/Application/9295D1C1-802A-4039-80FE-38A99D
EF0FAB/Library/texlive/2023/texmf-dist/tex/generic/xkeyval/keyval.tex))
\XKV@depth=\count185
File: xkeyval.tex 2014/12/03 v2.7a key=value parser (HA)
))
\sa@internal=\count186
\c@sapage=\count187

(/private/var/mobile/Containers/Data/Application/9295D1C1-802A-4039-80FE-38A99D
EF0FAB/Library/texlive/2023/texmf-dist/tex/latex/standalone/standalone.cfg
File: standalone.cfg 2022/10/10 v1.3b Default configuration file for 'standalon
e' class
)
(/private/var/mobile/Containers/Data/Application/9295D1C1-802A-4039-80FE-38A99D
EF0FAB/Library/texlive/2023/texmf-dist/tex/latex/base/article.cls
Document Class: article 2022/07/02 v1.4n Standard LaTeX document class

(/private/var/mobile/Containers/Data/Application/9295D1C1-802A-4039-80FE-38A99D
EF0FAB/Library/texlive/2023/texmf-dist/tex/latex/base/size10.clo
File: size10.clo 2022/07/02 v1.4n Standard LaTeX file (size option)
)
\c@part=\count188
\c@section=\count189
\c@subsection=\count190
\c@subsubsection=\count191
\c@paragraph=\count192
\c@subparagraph=\count193
\c@figure=\count194
\c@table=\count195
\abovecaptionskip=\skip48
\belowcaptionskip=\skip49
\bibindent=\dimen140
)
\sa@box=\box51
)
(/private/var/mobile/Containers/Data/Application/9295D1C1-802A-4039-80FE-38A99D
EF0FAB/Library/texlive/2023/texmf-dist/tex/latex/base/inputenc.sty
Package: inputenc 2021/02/14 v1.3d Input encoding file
\inpenc@prehook=\toks18
\inpenc@posthook=\toks19
)
(/private/var/mobile/Containers/Data/Application/9295D1C1-802A-4039-80FE-38A99D
EF0FAB/Library/texlive/2023/texmf-dist/tex/generic/babel/babel.sty
Package: babel 2023/04/18 3.88 The Babel package
\babel@savecnt=\count196
\U@D=\dimen141
\l@unhyphenated=\language87

(/private/var/mobile/Containers/Data/Application/9295D1C1-802A-4039-80FE-38A99D
EF0FAB/Library/texlive/2023/texmf-dist/tex/generic/babel/txtbabel.def)
\bbl@readstream=\read2
\bbl@dirlevel=\count197

(/private/var/mobile/Containers/Data/Application/9295D1C1-802A-4039-80FE-38A99D
EF0FAB/Library/texlive/2023/texmf-dist/tex/generic/babel-german/ngerman.ldf
Language: ngerman 2021/02/27 v2.13 German support for babel (post-1996 orthogra
phy)

(/private/var/mobile/Containers/Data/Application/9295D1C1-802A-4039-80FE-38A99D
EF0FAB/Library/texlive/2023/texmf-dist/tex/generic/babel-german/ngermanb.ldf
Language: ngermanb 2021/02/27 v2.13 German support for babel (post-1996 orthogr
aphy)
Package babel Info: Making " an active character on input line 122.
)))
(/private/var/mobile/Containers/Data/Application/9295D1C1-802A-4039-80FE-38A99D
EF0FAB/Library/texlive/2023/texmf-dist/tex/generic/babel/locale/de/babel-ngerma
n.tex
Package babel Info: Importing font and identification data for ngerman
(babel)             from babel-de.ini. Reported on input line 11.
)
(/private/var/mobile/Containers/Data/Application/9295D1C1-802A-4039-80FE-38A99D
EF0FAB/Library/texlive/2023/texmf-dist/tex/latex/pgf/frontendlayer/tikz.sty
(/private/var/mobile/Containers/Data/Application/9295D1C1-802A-4039-80FE-38A99D
EF0FAB/Library/texlive/2023/texmf-dist/tex/latex/pgf/basiclayer/pgf.sty
(/private/var/mobile/Containers/Data/Application/9295D1C1-802A-4039-80FE-38A99D
EF0FAB/Library/texlive/2023/texmf-dist/tex/latex/pgf/utilities/pgfrcs.sty
(/private/var/mobile/Containers/Data/Application/9295D1C1-802A-4039-80FE-38A99D
EF0FAB/Library/texlive/2023/texmf-dist/tex/generic/pgf/utilities/pgfutil-common
.tex
\pgfutil@everybye=\toks20
\pgfutil@tempdima=\dimen142
\pgfutil@tempdimb=\dimen143
)
(/private/var/mobile/Containers/Data/Application/9295D1C1-802A-4039-80FE-38A99D
EF0FAB/Library/texlive/2023/texmf-dist/tex/generic/pgf/utilities/pgfutil-latex.
def
\pgfutil@abb=\box52
)
(/private/var/mobile/Containers/Data/Application/9295D1C1-802A-4039-80FE-38A99D
EF0FAB/Library/texlive/2023/texmf-dist/tex/generic/pgf/utilities/pgfrcs.code.te
x
(/private/var/mobile/Containers/Data/Application/9295D1C1-802A-4039-80FE-38A99D
EF0FAB/Library/texlive/2023/texmf-dist/tex/generic/pgf/pgf.revision.tex)
Package: pgfrcs 2023-01-15 v3.1.10 (3.1.10)
))
Package: pgf 2023-01-15 v3.1.10 (3.1.10)

(/private/var/mobile/Containers/Data/Application/9295D1C1-802A-4039-80FE-38A99D
EF0FAB/Library/texlive/2023/texmf-dist/tex/latex/pgf/basiclayer/pgfcore.sty
(/private/var/mobile/Containers/Data/Application/9295D1C1-802A-4039-80FE-38A99D
EF0FAB/Library/texlive/2023/texmf-dist/tex/latex/graphics/graphicx.sty
Package: graphicx 2021/09/16 v1.2d Enhanced LaTeX Graphics (DPC,SPQR)

(/private/var/mobile/Containers/Data/Application/9295D1C1-802A-4039-80FE-38A99D
EF0FAB/Library/texlive/2023/texmf-dist/tex/latex/graphics/graphics.sty
Package: graphics 2022/03/10 v1.4e Standard LaTeX Graphics (DPC,SPQR)

(/private/var/mobile/Containers/Data/Application/9295D1C1-802A-4039-80FE-38A99D
EF0FAB/Library/texlive/2023/texmf-dist/tex/latex/graphics/trig.sty
Package: trig 2021/08/11 v1.11 sin cos tan (DPC)
)
(/private/var/mobile/Containers/Data/Application/9295D1C1-802A-4039-80FE-38A99D
EF0FAB/Library/texlive/2023/texmf-dist/tex/latex/graphics-cfg/graphics.cfg
File: graphics.cfg 2016/06/04 v1.11 sample graphics configuration
)
Package graphics Info: Driver file: pdftex.def on input line 107.

(/private/var/mobile/Containers/Data/Application/9295D1C1-802A-4039-80FE-38A99D
EF0FAB/Library/texlive/2023/texmf-dist/tex/latex/graphics-def/pdftex.def
File: pdftex.def 2022/09/22 v1.2b Graphics/color driver for pdftex
))
\Gin@req@height=\dimen144
\Gin@req@width=\dimen145
)
(/private/var/mobile/Containers/Data/Application/9295D1C1-802A-4039-80FE-38A99D
EF0FAB/Library/texlive/2023/texmf-dist/tex/latex/pgf/systemlayer/pgfsys.sty
(/private/var/mobile/Containers/Data/Application/9295D1C1-802A-4039-80FE-38A99D
EF0FAB/Library/texlive/2023/texmf-dist/tex/generic/pgf/systemlayer/pgfsys.code.
tex
Package: pgfsys 2023-01-15 v3.1.10 (3.1.10)

(/private/var/mobile/Containers/Data/Application/9295D1C1-802A-4039-80FE-38A99D
EF0FAB/Library/texlive/2023/texmf-dist/tex/generic/pgf/utilities/pgfkeys.code.t
ex
\pgfkeys@pathtoks=\toks21
\pgfkeys@temptoks=\toks22

(/private/var/mobile/Containers/Data/Application/9295D1C1-802A-4039-80FE-38A99D
EF0FAB/Library/texlive/2023/texmf-dist/tex/generic/pgf/utilities/pgfkeyslibrary
filtered.code.tex
\pgfkeys@tmptoks=\toks23
))
\pgf@x=\dimen146
\pgf@y=\dimen147
\pgf@xa=\dimen148
\pgf@ya=\dimen149
\pgf@xb=\dimen150
\pgf@yb=\dimen151
\pgf@xc=\dimen152
\pgf@yc=\dimen153
\pgf@xd=\dimen154
\pgf@yd=\dimen155
\w@pgf@writea=\write3
\r@pgf@reada=\read3
\c@pgf@counta=\count198
\c@pgf@countb=\count199
\c@pgf@countc=\count266
\c@pgf@countd=\count267
\t@pgf@toka=\toks24
\t@pgf@tokb=\toks25
\t@pgf@tokc=\toks26
\pgf@sys@id@count=\count268

(/private/var/mobile/Containers/Data/Application/9295D1C1-802A-4039-80FE-38A99D
EF0FAB/Library/texlive/2023/texmf-dist/tex/generic/pgf/systemlayer/pgf.cfg
File: pgf.cfg 2023-01-15 v3.1.10 (3.1.10)
)
Driver file for pgf: pgfsys-pdftex.def

(/private/var/mobile/Containers/Data/Application/9295D1C1-802A-4039-80FE-38A99D
EF0FAB/Library/texlive/2023/texmf-dist/tex/generic/pgf/systemlayer/pgfsys-pdfte
x.def
File: pgfsys-pdftex.def 2023-01-15 v3.1.10 (3.1.10)

(/private/var/mobile/Containers/Data/Application/9295D1C1-802A-4039-80FE-38A99D
EF0FAB/Library/texlive/2023/texmf-dist/tex/generic/pgf/systemlayer/pgfsys-commo
n-pdf.def
File: pgfsys-common-pdf.def 2023-01-15 v3.1.10 (3.1.10)
)))
(/private/var/mobile/Containers/Data/Application/9295D1C1-802A-4039-80FE-38A99D
EF0FAB/Library/texlive/2023/texmf-dist/tex/generic/pgf/systemlayer/pgfsyssoftpa
th.code.tex
File: pgfsyssoftpath.code.tex 2023-01-15 v3.1.10 (3.1.10)
\pgfsyssoftpath@smallbuffer@items=\count269
\pgfsyssoftpath@bigbuffer@items=\count270
)
(/private/var/mobile/Containers/Data/Application/9295D1C1-802A-4039-80FE-38A99D
EF0FAB/Library/texlive/2023/texmf-dist/tex/generic/pgf/systemlayer/pgfsysprotoc
ol.code.tex
File: pgfsysprotocol.code.tex 2023-01-15 v3.1.10 (3.1.10)
))
(/private/var/mobile/Containers/Data/Application/9295D1C1-802A-4039-80FE-38A99D
EF0FAB/Library/texlive/2023/texmf-dist/tex/latex/xcolor/xcolor.sty
Package: xcolor 2022/06/12 v2.14 LaTeX color extensions (UK)

(/private/var/mobile/Containers/Data/Application/9295D1C1-802A-4039-80FE-38A99D
EF0FAB/Library/texlive/2023/texmf-dist/tex/latex/graphics-cfg/color.cfg
File: color.cfg 2016/01/02 v1.6 sample color configuration
)
Package xcolor Info: Driver file: pdftex.def on input line 227.

(/private/var/mobile/Containers/Data/Application/9295D1C1-802A-4039-80FE-38A99D
EF0FAB/Library/texlive/2023/texmf-dist/tex/latex/graphics/mathcolor.ltx)
Package xcolor Info: Model `cmy' substituted by `cmy0' on input line 1353.
Package xcolor Info: Model `hsb' substituted by `rgb' on input line 1357.
Package xcolor Info: Model `RGB' extended on input line 1369.
Package xcolor Info: Model `HTML' substituted by `rgb' on input line 1371.
Package xcolor Info: Model `Hsb' substituted by `hsb' on input line 1372.
Package xcolor Info: Model `tHsb' substituted by `hsb' on input line 1373.
Package xcolor Info: Model `HSB' substituted by `hsb' on input line 1374.
Package xcolor Info: Model `Gray' substituted by `gray' on input line 1375.
Package xcolor Info: Model `wave' substituted by `hsb' on input line 1376.
)
(/private/var/mobile/Containers/Data/Application/9295D1C1-802A-4039-80FE-38A99D
EF0FAB/Library/texlive/2023/texmf-dist/tex/generic/pgf/basiclayer/pgfcore.code.
tex
Package: pgfcore 2023-01-15 v3.1.10 (3.1.10)

(/private/var/mobile/Containers/Data/Application/9295D1C1-802A-4039-80FE-38A99D
EF0FAB/Library/texlive/2023/texmf-dist/tex/generic/pgf/math/pgfmath.code.tex
(/private/var/mobile/Containers/Data/Application/9295D1C1-802A-4039-80FE-38A99D
EF0FAB/Library/texlive/2023/texmf-dist/tex/generic/pgf/math/pgfmathutil.code.te
x)
(/private/var/mobile/Containers/Data/Application/9295D1C1-802A-4039-80FE-38A99D
EF0FAB/Library/texlive/2023/texmf-dist/tex/generic/pgf/math/pgfmathparser.code.
tex
\pgfmath@dimen=\dimen156
\pgfmath@count=\count271
\pgfmath@box=\box53
\pgfmath@toks=\toks27
\pgfmath@stack@operand=\toks28
\pgfmath@stack@operation=\toks29
)
(/private/var/mobile/Containers/Data/Application/9295D1C1-802A-4039-80FE-38A99D
EF0FAB/Library/texlive/2023/texmf-dist/tex/generic/pgf/math/pgfmathfunctions.co
de.tex)
(/private/var/mobile/Containers/Data/Application/9295D1C1-802A-4039-80FE-38A99D
EF0FAB/Library/texlive/2023/texmf-dist/tex/generic/pgf/math/pgfmathfunctions.ba
sic.code.tex)
(/private/var/mobile/Containers/Data/Application/9295D1C1-802A-4039-80FE-38A99D
EF0FAB/Library/texlive/2023/texmf-dist/tex/generic/pgf/math/pgfmathfunctions.tr
igonometric.code.tex)
(/private/var/mobile/Containers/Data/Application/9295D1C1-802A-4039-80FE-38A99D
EF0FAB/Library/texlive/2023/texmf-dist/tex/generic/pgf/math/pgfmathfunctions.ra
ndom.code.tex)
(/private/var/mobile/Containers/Data/Application/9295D1C1-802A-4039-80FE-38A99D
EF0FAB/Library/texlive/2023/texmf-dist/tex/generic/pgf/math/pgfmathfunctions.co
mparison.code.tex)
(/private/var/mobile/Containers/Data/Application/9295D1C1-802A-4039-80FE-38A99D
EF0FAB/Library/texlive/2023/texmf-dist/tex/generic/pgf/math/pgfmathfunctions.ba
se.code.tex)
(/private/var/mobile/Containers/Data/Application/9295D1C1-802A-4039-80FE-38A99D
EF0FAB/Library/texlive/2023/texmf-dist/tex/generic/pgf/math/pgfmathfunctions.ro
und.code.tex)
(/private/var/mobile/Containers/Data/Application/9295D1C1-802A-4039-80FE-38A99D
EF0FAB/Library/texlive/2023/texmf-dist/tex/generic/pgf/math/pgfmathfunctions.mi
sc.code.tex)
(/private/var/mobile/Containers/Data/Application/9295D1C1-802A-4039-80FE-38A99D
EF0FAB/Library/texlive/2023/texmf-dist/tex/generic/pgf/math/pgfmathfunctions.in
tegerarithmetics.code.tex)
(/private/var/mobile/Containers/Data/Application/9295D1C1-802A-4039-80FE-38A99D
EF0FAB/Library/texlive/2023/texmf-dist/tex/generic/pgf/math/pgfmathcalc.code.te
x)
(/private/var/mobile/Containers/Data/Application/9295D1C1-802A-4039-80FE-38A99D
EF0FAB/Library/texlive/2023/texmf-dist/tex/generic/pgf/math/pgfmathfloat.code.t
ex
\c@pgfmathroundto@lastzeros=\count272
))
(/private/var/mobile/Containers/Data/Application/9295D1C1-802A-4039-80FE-38A99D
EF0FAB/Library/texlive/2023/texmf-dist/tex/generic/pgf/math/pgfint.code.tex)
(/private/var/mobile/Containers/Data/Application/9295D1C1-802A-4039-80FE-38A99D
EF0FAB/Library/texlive/2023/texmf-dist/tex/generic/pgf/basiclayer/pgfcorepoints
.code.tex
File: pgfcorepoints.code.tex 2023-01-15 v3.1.10 (3.1.10)
\pgf@picminx=\dimen157
\pgf@picmaxx=\dimen158
\pgf@picminy=\dimen159
\pgf@picmaxy=\dimen160
\pgf@pathminx=\dimen161
\pgf@pathmaxx=\dimen162
\pgf@pathminy=\dimen163
\pgf@pathmaxy=\dimen164
\pgf@xx=\dimen165
\pgf@xy=\dimen166
\pgf@yx=\dimen167
\pgf@yy=\dimen168
\pgf@zx=\dimen169
\pgf@zy=\dimen170
)
(/private/var/mobile/Containers/Data/Application/9295D1C1-802A-4039-80FE-38A99D
EF0FAB/Library/texlive/2023/texmf-dist/tex/generic/pgf/basiclayer/pgfcorepathco
nstruct.code.tex
File: pgfcorepathconstruct.code.tex 2023-01-15 v3.1.10 (3.1.10)
\pgf@path@lastx=\dimen171
\pgf@path@lasty=\dimen172
)
(/private/var/mobile/Containers/Data/Application/9295D1C1-802A-4039-80FE-38A99D
EF0FAB/Library/texlive/2023/texmf-dist/tex/generic/pgf/basiclayer/pgfcorepathus
age.code.tex
File: pgfcorepathusage.code.tex 2023-01-15 v3.1.10 (3.1.10)
\pgf@shorten@end@additional=\dimen173
\pgf@shorten@start@additional=\dimen174
)
(/private/var/mobile/Containers/Data/Application/9295D1C1-802A-4039-80FE-38A99D
EF0FAB/Library/texlive/2023/texmf-dist/tex/generic/pgf/basiclayer/pgfcorescopes
.code.tex
File: pgfcorescopes.code.tex 2023-01-15 v3.1.10 (3.1.10)
\pgfpic=\box54
\pgf@hbox=\box55
\pgf@layerbox@main=\box56
\pgf@picture@serial@count=\count273
)
(/private/var/mobile/Containers/Data/Application/9295D1C1-802A-4039-80FE-38A99D
EF0FAB/Library/texlive/2023/texmf-dist/tex/generic/pgf/basiclayer/pgfcoregraphi
cstate.code.tex
File: pgfcoregraphicstate.code.tex 2023-01-15 v3.1.10 (3.1.10)
\pgflinewidth=\dimen175
)
(/private/var/mobile/Containers/Data/Application/9295D1C1-802A-4039-80FE-38A99D
EF0FAB/Library/texlive/2023/texmf-dist/tex/generic/pgf/basiclayer/pgfcoretransf
ormations.code.tex
File: pgfcoretransformations.code.tex 2023-01-15 v3.1.10 (3.1.10)
\pgf@pt@x=\dimen176
\pgf@pt@y=\dimen177
\pgf@pt@temp=\dimen178
)
(/private/var/mobile/Containers/Data/Application/9295D1C1-802A-4039-80FE-38A99D
EF0FAB/Library/texlive/2023/texmf-dist/tex/generic/pgf/basiclayer/pgfcorequick.
code.tex
File: pgfcorequick.code.tex 2023-01-15 v3.1.10 (3.1.10)
)
(/private/var/mobile/Containers/Data/Application/9295D1C1-802A-4039-80FE-38A99D
EF0FAB/Library/texlive/2023/texmf-dist/tex/generic/pgf/basiclayer/pgfcoreobject
s.code.tex
File: pgfcoreobjects.code.tex 2023-01-15 v3.1.10 (3.1.10)
)
(/private/var/mobile/Containers/Data/Application/9295D1C1-802A-4039-80FE-38A99D
EF0FAB/Library/texlive/2023/texmf-dist/tex/generic/pgf/basiclayer/pgfcorepathpr
ocessing.code.tex
File: pgfcorepathprocessing.code.tex 2023-01-15 v3.1.10 (3.1.10)
)
(/private/var/mobile/Containers/Data/Application/9295D1C1-802A-4039-80FE-38A99D
EF0FAB/Library/texlive/2023/texmf-dist/tex/generic/pgf/basiclayer/pgfcorearrows
.code.tex
File: pgfcorearrows.code.tex 2023-01-15 v3.1.10 (3.1.10)
\pgfarrowsep=\dimen179
)
(/private/var/mobile/Containers/Data/Application/9295D1C1-802A-4039-80FE-38A99D
EF0FAB/Library/texlive/2023/texmf-dist/tex/generic/pgf/basiclayer/pgfcoreshade.
code.tex
File: pgfcoreshade.code.tex 2023-01-15 v3.1.10 (3.1.10)
\pgf@max=\dimen180
\pgf@sys@shading@range@num=\count274
\pgf@shadingcount=\count275
)
(/private/var/mobile/Containers/Data/Application/9295D1C1-802A-4039-80FE-38A99D
EF0FAB/Library/texlive/2023/texmf-dist/tex/generic/pgf/basiclayer/pgfcoreimage.
code.tex
File: pgfcoreimage.code.tex 2023-01-15 v3.1.10 (3.1.10)
)
(/private/var/mobile/Containers/Data/Application/9295D1C1-802A-4039-80FE-38A99D
EF0FAB/Library/texlive/2023/texmf-dist/tex/generic/pgf/basiclayer/pgfcoreextern
al.code.tex
File: pgfcoreexternal.code.tex 2023-01-15 v3.1.10 (3.1.10)
\pgfexternal@startupbox=\box57
)
(/private/var/mobile/Containers/Data/Application/9295D1C1-802A-4039-80FE-38A99D
EF0FAB/Library/texlive/2023/texmf-dist/tex/generic/pgf/basiclayer/pgfcorelayers
.code.tex
File: pgfcorelayers.code.tex 2023-01-15 v3.1.10 (3.1.10)
)
(/private/var/mobile/Containers/Data/Application/9295D1C1-802A-4039-80FE-38A99D
EF0FAB/Library/texlive/2023/texmf-dist/tex/generic/pgf/basiclayer/pgfcoretransp
arency.code.tex
File: pgfcoretransparency.code.tex 2023-01-15 v3.1.10 (3.1.10)
)
(/private/var/mobile/Containers/Data/Application/9295D1C1-802A-4039-80FE-38A99D
EF0FAB/Library/texlive/2023/texmf-dist/tex/generic/pgf/basiclayer/pgfcorepatter
ns.code.tex
File: pgfcorepatterns.code.tex 2023-01-15 v3.1.10 (3.1.10)
)
(/private/var/mobile/Containers/Data/Application/9295D1C1-802A-4039-80FE-38A99D
EF0FAB/Library/texlive/2023/texmf-dist/tex/generic/pgf/basiclayer/pgfcorerdf.co
de.tex
File: pgfcorerdf.code.tex 2023-01-15 v3.1.10 (3.1.10)
)))
(/private/var/mobile/Containers/Data/Application/9295D1C1-802A-4039-80FE-38A99D
EF0FAB/Library/texlive/2023/texmf-dist/tex/generic/pgf/modules/pgfmoduleshapes.
code.tex
File: pgfmoduleshapes.code.tex 2023-01-15 v3.1.10 (3.1.10)
\pgfnodeparttextbox=\box58
)
(/private/var/mobile/Containers/Data/Application/9295D1C1-802A-4039-80FE-38A99D
EF0FAB/Library/texlive/2023/texmf-dist/tex/generic/pgf/modules/pgfmoduleplot.co
de.tex
File: pgfmoduleplot.code.tex 2023-01-15 v3.1.10 (3.1.10)
)
(/private/var/mobile/Containers/Data/Application/9295D1C1-802A-4039-80FE-38A99D
EF0FAB/Library/texlive/2023/texmf-dist/tex/latex/pgf/compatibility/pgfcomp-vers
ion-0-65.sty
Package: pgfcomp-version-0-65 2023-01-15 v3.1.10 (3.1.10)
\pgf@nodesepstart=\dimen181
\pgf@nodesepend=\dimen182
)
(/private/var/mobile/Containers/Data/Application/9295D1C1-802A-4039-80FE-38A99D
EF0FAB/Library/texlive/2023/texmf-dist/tex/latex/pgf/compatibility/pgfcomp-vers
ion-1-18.sty
Package: pgfcomp-version-1-18 2023-01-15 v3.1.10 (3.1.10)
))
(/private/var/mobile/Containers/Data/Application/9295D1C1-802A-4039-80FE-38A99D
EF0FAB/Library/texlive/2023/texmf-dist/tex/latex/pgf/utilities/pgffor.sty
(/private/var/mobile/Containers/Data/Application/9295D1C1-802A-4039-80FE-38A99D
EF0FAB/Library/texlive/2023/texmf-dist/tex/latex/pgf/utilities/pgfkeys.sty
(/private/var/mobile/Containers/Data/Application/9295D1C1-802A-4039-80FE-38A99D
EF0FAB/Library/texlive/2023/texmf-dist/tex/generic/pgf/utilities/pgfkeys.code.t
ex))
(/private/var/mobile/Containers/Data/Application/9295D1C1-802A-4039-80FE-38A99D
EF0FAB/Library/texlive/2023/texmf-dist/tex/latex/pgf/math/pgfmath.sty
(/private/var/mobile/Containers/Data/Application/9295D1C1-802A-4039-80FE-38A99D
EF0FAB/Library/texlive/2023/texmf-dist/tex/generic/pgf/math/pgfmath.code.tex))
(/private/var/mobile/Containers/Data/Application/9295D1C1-802A-4039-80FE-38A99D
EF0FAB/Library/texlive/2023/texmf-dist/tex/generic/pgf/utilities/pgffor.code.te
x
Package: pgffor 2023-01-15 v3.1.10 (3.1.10)
\pgffor@iter=\dimen183
\pgffor@skip=\dimen184
\pgffor@stack=\toks30
\pgffor@toks=\toks31
))
(/private/var/mobile/Containers/Data/Application/9295D1C1-802A-4039-80FE-38A99D
EF0FAB/Library/texlive/2023/texmf-dist/tex/generic/pgf/frontendlayer/tikz/tikz.
code.tex
Package: tikz 2023-01-15 v3.1.10 (3.1.10)

(/private/var/mobile/Containers/Data/Application/9295D1C1-802A-4039-80FE-38A99D
EF0FAB/Library/texlive/2023/texmf-dist/tex/generic/pgf/libraries/pgflibraryplot
handlers.code.tex
File: pgflibraryplothandlers.code.tex 2023-01-15 v3.1.10 (3.1.10)
\pgf@plot@mark@count=\count276
\pgfplotmarksize=\dimen185
)
\tikz@lastx=\dimen186
\tikz@lasty=\dimen187
\tikz@lastxsaved=\dimen188
\tikz@lastysaved=\dimen189
\tikz@lastmovetox=\dimen190
\tikz@lastmovetoy=\dimen191
\tikzleveldistance=\dimen192
\tikzsiblingdistance=\dimen193
\tikz@figbox=\box59
\tikz@figbox@bg=\box60
\tikz@tempbox=\box61
\tikz@tempbox@bg=\box62
\tikztreelevel=\count277
\tikznumberofchildren=\count278
\tikznumberofcurrentchild=\count279
\tikz@fig@count=\count280

(/private/var/mobile/Containers/Data/Application/9295D1C1-802A-4039-80FE-38A99D
EF0FAB/Library/texlive/2023/texmf-dist/tex/generic/pgf/modules/pgfmodulematrix.
code.tex
File: pgfmodulematrix.code.tex 2023-01-15 v3.1.10 (3.1.10)
\pgfmatrixcurrentrow=\count281
\pgfmatrixcurrentcolumn=\count282
\pgf@matrix@numberofcolumns=\count283
)
\tikz@expandcount=\count284

(/private/var/mobile/Containers/Data/Application/9295D1C1-802A-4039-80FE-38A99D
EF0FAB/Library/texlive/2023/texmf-dist/tex/generic/pgf/frontendlayer/tikz/libra
ries/tikzlibrarytopaths.code.tex
File: tikzlibrarytopaths.code.tex 2023-01-15 v3.1.10 (3.1.10)
)))
(/private/var/mobile/Containers/Data/Application/9295D1C1-802A-4039-80FE-38A99D
EF0FAB/Library/texlive/2023/texmf-dist/tex/latex/tkz-euclide/tkz-euclide.sty
2023/02/03 5.02c tkz-euclide.sty
Package: tkz-euclide  2023/02/03 5.02c for pure Euclidean Geometry 

(/private/var/mobile/Containers/Data/Application/9295D1C1-802A-4039-80FE-38A99D
EF0FAB/Library/texlive/2023/texmf-dist/tex/generic/pgf/frontendlayer/tikz/libra
ries/tikzlibraryangles.code.tex
File: tikzlibraryangles.code.tex 2023-01-15 v3.1.10 (3.1.10)
)
(/private/var/mobile/Containers/Data/Application/9295D1C1-802A-4039-80FE-38A99D
EF0FAB/Library/texlive/2023/texmf-dist/tex/generic/pgf/frontendlayer/tikz/libra
ries/tikzlibraryarrows.code.tex
File: tikzlibraryarrows.code.tex 2023-01-15 v3.1.10 (3.1.10)

(/private/var/mobile/Containers/Data/Application/9295D1C1-802A-4039-80FE-38A99D
EF0FAB/Library/texlive/2023/texmf-dist/tex/generic/pgf/libraries/pgflibraryarro
ws.code.tex
File: pgflibraryarrows.code.tex 2023-01-15 v3.1.10 (3.1.10)
\arrowsize=\dimen194
))
(/private/var/mobile/Containers/Data/Application/9295D1C1-802A-4039-80FE-38A99D
EF0FAB/Library/texlive/2023/texmf-dist/tex/generic/pgf/libraries/pgflibraryarro
ws.meta.code.tex
File: pgflibraryarrows.meta.code.tex 2023-01-15 v3.1.10 (3.1.10)
\pgfarrowinset=\dimen195
\pgfarrowlength=\dimen196
\pgfarrowwidth=\dimen197
\pgfarrowlinewidth=\dimen198
)
(/private/var/mobile/Containers/Data/Application/9295D1C1-802A-4039-80FE-38A99D
EF0FAB/Library/texlive/2023/texmf-dist/tex/generic/pgf/frontendlayer/tikz/libra
ries/tikzlibrarybackgrounds.code.tex
File: tikzlibrarybackgrounds.code.tex 2023-01-15 v3.1.10 (3.1.10)
\pgf@layerbox@background=\box63
\pgf@layerboxsaved@background=\box64
)
(/private/var/mobile/Containers/Data/Application/9295D1C1-802A-4039-80FE-38A99D
EF0FAB/Library/texlive/2023/texmf-dist/tex/generic/pgf/frontendlayer/tikz/libra
ries/tikzlibrarycalc.code.tex
File: tikzlibrarycalc.code.tex 2023-01-15 v3.1.10 (3.1.10)
)
(/private/var/mobile/Containers/Data/Application/9295D1C1-802A-4039-80FE-38A99D
EF0FAB/Library/texlive/2023/texmf-dist/tex/generic/pgf/frontendlayer/tikz/libra
ries/tikzlibrarydecorations.code.tex
(/private/var/mobile/Containers/Data/Application/9295D1C1-802A-4039-80FE-38A99D
EF0FAB/Library/texlive/2023/texmf-dist/tex/generic/pgf/modules/pgfmoduledecorat
ions.code.tex
\pgfdecoratedcompleteddistance=\dimen199
\pgfdecoratedremainingdistance=\dimen256
\pgfdecoratedinputsegmentcompleteddistance=\dimen257
\pgfdecoratedinputsegmentremainingdistance=\dimen258
\pgf@decorate@distancetomove=\dimen259
\pgf@decorate@repeatstate=\count285
\pgfdecorationsegmentamplitude=\dimen260
\pgfdecorationsegmentlength=\dimen261
)
\tikz@lib@dec@box=\box65
)
(/private/var/mobile/Containers/Data/Application/9295D1C1-802A-4039-80FE-38A99D
EF0FAB/Library/texlive/2023/texmf-dist/tex/generic/pgf/frontendlayer/tikz/libra
ries/tikzlibrarydecorations.markings.code.tex
(/private/var/mobile/Containers/Data/Application/9295D1C1-802A-4039-80FE-38A99D
EF0FAB/Library/texlive/2023/texmf-dist/tex/generic/pgf/libraries/decorations/pg
flibrarydecorations.markings.code.tex))
(/private/var/mobile/Containers/Data/Application/9295D1C1-802A-4039-80FE-38A99D
EF0FAB/Library/texlive/2023/texmf-dist/tex/generic/pgf/frontendlayer/tikz/libra
ries/tikzlibrarydecorations.pathreplacing.code.tex
(/private/var/mobile/Containers/Data/Application/9295D1C1-802A-4039-80FE-38A99D
EF0FAB/Library/texlive/2023/texmf-dist/tex/generic/pgf/libraries/decorations/pg
flibrarydecorations.pathreplacing.code.tex))
(/private/var/mobile/Containers/Data/Application/9295D1C1-802A-4039-80FE-38A99D
EF0FAB/Library/texlive/2023/texmf-dist/tex/generic/pgf/frontendlayer/tikz/libra
ries/tikzlibrarydecorations.shapes.code.tex
(/private/var/mobile/Containers/Data/Application/9295D1C1-802A-4039-80FE-38A99D
EF0FAB/Library/texlive/2023/texmf-dist/tex/generic/pgf/libraries/decorations/pg
flibrarydecorations.shapes.code.tex))
(/private/var/mobile/Containers/Data/Application/9295D1C1-802A-4039-80FE-38A99D
EF0FAB/Library/texlive/2023/texmf-dist/tex/generic/pgf/frontendlayer/tikz/libra
ries/tikzlibrarydecorations.text.code.tex
(/private/var/mobile/Containers/Data/Application/9295D1C1-802A-4039-80FE-38A99D
EF0FAB/Library/texlive/2023/texmf-dist/tex/generic/pgf/libraries/decorations/pg
flibrarydecorations.text.code.tex
\pgf@lib@dec@text@box=\box66
)
\tikz@lib@dec@te@box=\box67
)
(/private/var/mobile/Containers/Data/Application/9295D1C1-802A-4039-80FE-38A99D
EF0FAB/Library/texlive/2023/texmf-dist/tex/generic/pgf/frontendlayer/tikz/libra
ries/tikzlibrarydecorations.pathmorphing.code.tex
(/private/var/mobile/Containers/Data/Application/9295D1C1-802A-4039-80FE-38A99D
EF0FAB/Library/texlive/2023/texmf-dist/tex/generic/pgf/libraries/decorations/pg
flibrarydecorations.pathmorphing.code.tex))
(/private/var/mobile/Containers/Data/Application/9295D1C1-802A-4039-80FE-38A99D
EF0FAB/Library/texlive/2023/texmf-dist/tex/generic/pgf/frontendlayer/tikz/libra
ries/tikzlibraryintersections.code.tex
(/private/var/mobile/Containers/Data/Application/9295D1C1-802A-4039-80FE-38A99D
EF0FAB/Library/texlive/2023/texmf-dist/tex/generic/pgf/libraries/pgflibraryinte
rsections.code.tex
(/private/var/mobile/Containers/Data/Application/9295D1C1-802A-4039-80FE-38A99D
EF0FAB/Library/texlive/2023/texmf-dist/tex/generic/pgf/libraries/pgflibraryfpu.
code.tex)
\pgf@intersect@solutions=\count286
))
(/private/var/mobile/Containers/Data/Application/9295D1C1-802A-4039-80FE-38A99D
EF0FAB/Library/texlive/2023/texmf-dist/tex/generic/pgf/frontendlayer/tikz/libra
ries/tikzlibrarymath.code.tex
(/private/var/mobile/Containers/Data/Application/9295D1C1-802A-4039-80FE-38A99D
EF0FAB/Library/texlive/2023/texmf-dist/tex/generic/pgf/frontendlayer/tikz/libra
ries/tikzlibraryfpu.code.tex)
\tikz@math@for@depth=\count287
\tikz@math@dimen=\dimen262
\tikz@math@toks=\toks32
)
(/private/var/mobile/Containers/Data/Application/9295D1C1-802A-4039-80FE-38A99D
EF0FAB/Library/texlive/2023/texmf-dist/tex/generic/pgf/frontendlayer/tikz/libra
ries/tikzlibraryplotmarks.code.tex
File: tikzlibraryplotmarks.code.tex 2023-01-15 v3.1.10 (3.1.10)

(/private/var/mobile/Containers/Data/Application/9295D1C1-802A-4039-80FE-38A99D
EF0FAB/Library/texlive/2023/texmf-dist/tex/generic/pgf/libraries/pgflibraryplot
marks.code.tex
File: pgflibraryplotmarks.code.tex 2023-01-15 v3.1.10 (3.1.10)
))
(/private/var/mobile/Containers/Data/Application/9295D1C1-802A-4039-80FE-38A99D
EF0FAB/Library/texlive/2023/texmf-dist/tex/generic/pgf/frontendlayer/tikz/libra
ries/tikzlibrarypositioning.code.tex
File: tikzlibrarypositioning.code.tex 2023-01-15 v3.1.10 (3.1.10)
)
(/private/var/mobile/Containers/Data/Application/9295D1C1-802A-4039-80FE-38A99D
EF0FAB/Library/texlive/2023/texmf-dist/tex/generic/pgf/frontendlayer/tikz/libra
ries/tikzlibraryquotes.code.tex
File: tikzlibraryquotes.code.tex 2023-01-15 v3.1.10 (3.1.10)
)
(/private/var/mobile/Containers/Data/Application/9295D1C1-802A-4039-80FE-38A99D
EF0FAB/Library/texlive/2023/texmf-dist/tex/generic/pgf/frontendlayer/tikz/libra
ries/tikzlibraryshapes.misc.code.tex
File: tikzlibraryshapes.misc.code.tex 2023-01-15 v3.1.10 (3.1.10)

(/private/var/mobile/Containers/Data/Application/9295D1C1-802A-4039-80FE-38A99D
EF0FAB/Library/texlive/2023/texmf-dist/tex/generic/pgf/libraries/shapes/pgflibr
aryshapes.misc.code.tex
File: pgflibraryshapes.misc.code.tex 2023-01-15 v3.1.10 (3.1.10)
))
(/private/var/mobile/Containers/Data/Application/9295D1C1-802A-4039-80FE-38A99D
EF0FAB/Library/texlive/2023/texmf-dist/tex/generic/pgf/frontendlayer/tikz/libra
ries/tikzlibrarythrough.code.tex
File: tikzlibrarythrough.code.tex 2023-01-15 v3.1.10 (3.1.10)
)
(/private/var/mobile/Containers/Data/Application/9295D1C1-802A-4039-80FE-38A99D
EF0FAB/Library/texlive/2023/texmf-dist/tex/latex/l3packages/xfp/xfp.sty
(/private/var/mobile/Containers/Data/Application/9295D1C1-802A-4039-80FE-38A99D
EF0FAB/Library/texlive/2023/texmf-dist/tex/latex/l3kernel/expl3.sty
Package: expl3 2023-04-20 L3 programming layer (loader) 

(/private/var/mobile/Containers/Data/Application/9295D1C1-802A-4039-80FE-38A99D
EF0FAB/Library/texlive/2023/texmf-dist/tex/latex/l3backend/l3backend-pdftex.def
File: l3backend-pdftex.def 2023-04-19 L3 backend support: PDF output (pdfTeX)
\l__color_backend_stack_int=\count288
\l__pdf_internal_box=\box68
))
Package: xfp 2023-02-02 L3 Floating point unit
)
(/private/var/mobile/Containers/Data/Application/9295D1C1-802A-4039-80FE-38A99D
EF0FAB/Library/texlive/2023/texmf-dist/tex/latex/xpatch/xpatch.sty
Package: xpatch 2020/03/25 v0.3a Extending etoolbox patching commands

(/private/var/mobile/Containers/Data/Application/9295D1C1-802A-4039-80FE-38A99D
EF0FAB/Library/texlive/2023/texmf-dist/tex/latex/l3packages/xparse/xparse.sty
Package: xparse 2023-02-02 L3 Experimental document command parser
)
(/private/var/mobile/Containers/Data/Application/9295D1C1-802A-4039-80FE-38A99D
EF0FAB/Library/texlive/2023/texmf-dist/tex/latex/etoolbox/etoolbox.sty
Package: etoolbox 2020/10/05 v2.5k e-TeX tools for LaTeX (JAW)
\etb@tempcnta=\count289
))
\tkzRadius=\dimen263
\tkzLength=\dimen264
\tkz@radi=\dimen265
\tkz@ax=\dimen266
\tkz@ay=\dimen267
\tkz@bx=\dimen268
\tkz@by=\dimen269
\tkz@cx=\dimen270
\tkz@cy=\dimen271
\tkz@dx=\dimen272
\tkz@dy=\dimen273
\tkz@cntmk=\count290

Local configuration file tkz-euclide.cfg found and used

(/private/var/mobile/Containers/Data/Application/9295D1C1-802A-4039-80FE-38A99D
EF0FAB/Library/texlive/2023/texmf-dist/tex/latex/tkz-euclide/tkz-euclide.cfg
2023/02/03 5.02c tkz-euclide.cfg
)
(/private/var/mobile/Containers/Data/Application/9295D1C1-802A-4039-80FE-38A99D
EF0FAB/Library/texlive/2023/texmf-dist/tex/latex/tkz-euclide/tkz-tools-eu-base.
tex
2023/02/03 5.02c tkz-tools-eu-base.tex
)
(/private/var/mobile/Containers/Data/Application/9295D1C1-802A-4039-80FE-38A99D
EF0FAB/Library/texlive/2023/texmf-dist/tex/latex/tkz-euclide/tkz-tools-eu-utili
ties.tex
2023/02/03 5.02c tkz-tools-eu-utilities.tex
)
(/private/var/mobile/Containers/Data/Application/9295D1C1-802A-4039-80FE-38A99D
EF0FAB/Library/texlive/2023/texmf-dist/tex/latex/tkz-euclide/tkz-tools-eu-BB.te
x
2023/02/03 5.02c tkz-obj-eu-BB.tex
)
(/private/var/mobile/Containers/Data/Application/9295D1C1-802A-4039-80FE-38A99D
EF0FAB/Library/texlive/2023/texmf-dist/tex/latex/tkz-euclide/tkz-obj-eu-grids.t
ex
2023/02/03 5.02c tkz-obj-eu-grids.tex
)
(/private/var/mobile/Containers/Data/Application/9295D1C1-802A-4039-80FE-38A99D
EF0FAB/Library/texlive/2023/texmf-dist/tex/latex/tkz-euclide/tkz-lib-eu-marks.t
ex
2023/02/03 5.02c tkz-lib-eu-marks.tex
)
(/private/var/mobile/Containers/Data/Application/9295D1C1-802A-4039-80FE-38A99D
EF0FAB/Library/texlive/2023/texmf-dist/tex/latex/tkz-euclide/tkz-tools-eu-text.
tex
2023/02/03 5.02c tkz-tools-eu-text.tex
)
(/private/var/mobile/Containers/Data/Application/9295D1C1-802A-4039-80FE-38A99D
EF0FAB/Library/texlive/2023/texmf-dist/tex/latex/tkz-euclide/tkz-lib-eu-shape.t
ex
2023/02/03 5.02c tkz-lib-eu-shape.tex
)
(/private/var/mobile/Containers/Data/Application/9295D1C1-802A-4039-80FE-38A99D
EF0FAB/Library/texlive/2023/texmf-dist/tex/latex/tkz-euclide/tkz-obj-eu-axesmin
.tex
2023/02/03 5.02c tkz-obj-eu-axesmin
)
(/private/var/mobile/Containers/Data/Application/9295D1C1-802A-4039-80FE-38A99D
EF0FAB/Library/texlive/2023/texmf-dist/tex/latex/tkz-euclide/tkz-tools-eu-color
s.tex
2023/02/03 5.02c tkz-tools-eu-colors
)
(/private/var/mobile/Containers/Data/Application/9295D1C1-802A-4039-80FE-38A99D
EF0FAB/Library/texlive/2023/texmf-dist/tex/latex/tkz-euclide/tkz-obj-eu-points.
tex
2023/02/03 5.02c tkz-obj-eu-points.tex
)
(/private/var/mobile/Containers/Data/Application/9295D1C1-802A-4039-80FE-38A99D
EF0FAB/Library/texlive/2023/texmf-dist/tex/latex/tkz-euclide/tkz-draw-eu-points
.tex
2023/01/24 5.01c tkz-draw-points.tex
)
(/private/var/mobile/Containers/Data/Application/9295D1C1-802A-4039-80FE-38A99D
EF0FAB/Library/texlive/2023/texmf-dist/tex/latex/tkz-euclide/tkz-obj-eu-points.
tex
2023/02/03 5.02c tkz-obj-eu-points.tex
)
(/private/var/mobile/Containers/Data/Application/9295D1C1-802A-4039-80FE-38A99D
EF0FAB/Library/texlive/2023/texmf-dist/tex/latex/tkz-euclide/tkz-obj-eu-points-
by.tex
2023/02/03 5.02c tkz-tools-eu-points-by.tex
)
(/private/var/mobile/Containers/Data/Application/9295D1C1-802A-4039-80FE-38A99D
EF0FAB/Library/texlive/2023/texmf-dist/tex/latex/tkz-euclide/tkz-tools-eu-math.
tex
2023/02/03 5.02c tkz-tools-eu-math.tex
)
(/private/var/mobile/Containers/Data/Application/9295D1C1-802A-4039-80FE-38A99D
EF0FAB/Library/texlive/2023/texmf-dist/tex/latex/tkz-euclide/tkz-tools-eu-inter
sections.tex
2023/02/03 5.02c tkz-tools-eu-intersections.tex
)
(/private/var/mobile/Containers/Data/Application/9295D1C1-802A-4039-80FE-38A99D
EF0FAB/Library/texlive/2023/texmf-dist/tex/latex/tkz-euclide/tkz-obj-eu-points-
with.tex
2023/02/03 5.02c tkz-obj-eu-points-with.tex
)
(/private/var/mobile/Containers/Data/Application/9295D1C1-802A-4039-80FE-38A99D
EF0FAB/Library/texlive/2023/texmf-dist/tex/latex/tkz-euclide/tkz-obj-eu-points-
spc.tex
2023/02/03 5.02c tkz-obj-el-points.tex
)
(/private/var/mobile/Containers/Data/Application/9295D1C1-802A-4039-80FE-38A99D
EF0FAB/Library/texlive/2023/texmf-dist/tex/latex/tkz-euclide/tkz-tools-eu-angle
s.tex
2023/02/03 5.02c tkz-tools-eu-angles.tex
)
(/private/var/mobile/Containers/Data/Application/9295D1C1-802A-4039-80FE-38A99D
EF0FAB/Library/texlive/2023/texmf-dist/tex/latex/tkz-euclide/tkz-obj-eu-points-
rnd.tex
2023/02/03 5.02c tkz-obj-eu-points-rnd.tex
)
(/private/var/mobile/Containers/Data/Application/9295D1C1-802A-4039-80FE-38A99D
EF0FAB/Library/texlive/2023/texmf-dist/tex/latex/tkz-euclide/tkz-obj-eu-circles
.tex
2023/02/03 5.02c tkz-obj-eu-circles.tex
)
(/private/var/mobile/Containers/Data/Application/9295D1C1-802A-4039-80FE-38A99D
EF0FAB/Library/texlive/2023/texmf-dist/tex/latex/tkz-euclide/tkz-obj-eu-circles
-by.tex
2023/02/03 5.02c tkz-obj-eu-circles.tex
)
(/private/var/mobile/Containers/Data/Application/9295D1C1-802A-4039-80FE-38A99D
EF0FAB/Library/texlive/2023/texmf-dist/tex/latex/tkz-euclide/tkz-obj-eu-lines.t
ex
2023/02/03 5.02c tkz-obj-eu-lines.tex
)
(/private/var/mobile/Containers/Data/Application/9295D1C1-802A-4039-80FE-38A99D
EF0FAB/Library/texlive/2023/texmf-dist/tex/latex/tkz-euclide/tkz-obj-eu-polygon
s.tex
2023/02/03 5.02c tkz-obj-eu-polygons.tex
)
(/private/var/mobile/Containers/Data/Application/9295D1C1-802A-4039-80FE-38A99D
EF0FAB/Library/texlive/2023/texmf-dist/tex/latex/tkz-euclide/tkz-obj-eu-triangl
es.tex
2023/02/03 5.02c tkz-obj-eu-triangles.tex
)
(/private/var/mobile/Containers/Data/Application/9295D1C1-802A-4039-80FE-38A99D
EF0FAB/Library/texlive/2023/texmf-dist/tex/latex/tkz-euclide/tkz-draw-eu-lines.
tex
2023/02/03 5.02c tkz-obj-eu-draw-lines.tex
)
(/private/var/mobile/Containers/Data/Application/9295D1C1-802A-4039-80FE-38A99D
EF0FAB/Library/texlive/2023/texmf-dist/tex/latex/tkz-euclide/tkz-draw-eu-circle
s.tex
2023/02/03 5.02c tkz-obj-eu-draw-circles.tex
)
(/private/var/mobile/Containers/Data/Application/9295D1C1-802A-4039-80FE-38A99D
EF0FAB/Library/texlive/2023/texmf-dist/tex/latex/tkz-euclide/tkz-draw-eu-polygo
ns.tex
2023/02/03 5.02c tkz-obj-eu-polygons.tex
)
(/private/var/mobile/Containers/Data/Application/9295D1C1-802A-4039-80FE-38A99D
EF0FAB/Library/texlive/2023/texmf-dist/tex/latex/tkz-euclide/tkz-draw-eu-angles
.tex
2023/02/03 5.02c tkz-tool-eu-angles.tex
)
(/private/var/mobile/Containers/Data/Application/9295D1C1-802A-4039-80FE-38A99D
EF0FAB/Library/texlive/2023/texmf-dist/tex/latex/tkz-euclide/tkz-draw-eu-sector
s.tex
2023/02/03 5.02c tkz-obj-eu-sectors.tex
)
(/private/var/mobile/Containers/Data/Application/9295D1C1-802A-4039-80FE-38A99D
EF0FAB/Library/texlive/2023/texmf-dist/tex/latex/tkz-euclide/tkz-draw-eu-compas
s.tex
2023/02/03 5.02c tkz-obj-eu-compass.tex
)
(/private/var/mobile/Containers/Data/Application/9295D1C1-802A-4039-80FE-38A99D
EF0FAB/Library/texlive/2023/texmf-dist/tex/latex/tkz-euclide/tkz-draw-eu-show.t
ex
2023/02/03 5.02c tkz-obj-eu-show.tex
)
(/private/var/mobile/Containers/Data/Application/9295D1C1-802A-4039-80FE-38A99D
EF0FAB/Library/texlive/2023/texmf-dist/tex/latex/tkz-euclide/tkz-draw-eu-protra
ctor.tex
2023/02/03 5.02c tkz-obj-eu-protractor.tex
))
(/private/var/mobile/Containers/Data/Application/9295D1C1-802A-4039-80FE-38A99D
EF0FAB/Library/texlive/2023/texmf-dist/tex/generic/pgf/frontendlayer/tikz/libra
ries/tikzlibrary3d.code.tex
File: tikzlibrary3d.code.tex 2023-01-15 v3.1.10 (3.1.10)
)
(/private/var/mobile/Containers/Data/Application/9295D1C1-802A-4039-80FE-38A99D
EF0FAB/Library/texlive/2023/texmf-dist/tex/generic/pgf/frontendlayer/tikz/libra
ries/tikzlibrarybabel.code.tex
File: tikzlibrarybabel.code.tex 2023-01-15 v3.1.10 (3.1.10)
)
(/private/var/mobile/Containers/Data/Application/9295D1C1-802A-4039-80FE-38A99D
EF0FAB/Library/texlive/2023/texmf-dist/tex/generic/pgf/frontendlayer/tikz/libra
ries/tikzlibrarybending.code.tex
File: tikzlibrarybending.code.tex 2023-01-15 v3.1.10 (3.1.10)

(/private/var/mobile/Containers/Data/Application/9295D1C1-802A-4039-80FE-38A99D
EF0FAB/Library/texlive/2023/texmf-dist/tex/generic/pgf/modules/pgfmodulebending
.code.tex
File: pgfmodulebending.code.tex 2023-01-15 v3.1.10 (3.1.10)

(/private/var/mobile/Containers/Data/Application/9295D1C1-802A-4039-80FE-38A99D
EF0FAB/Library/texlive/2023/texmf-dist/tex/generic/pgf/modules/pgfmodulenonline
artransformations.code.tex
File: pgfmodulenonlineartransformations.code.tex 2023-01-15 v3.1.10 (3.1.10)
\pgftransformnonlinearflatness=\dimen274
)
(/private/var/mobile/Containers/Data/Application/9295D1C1-802A-4039-80FE-38A99D
EF0FAB/Library/texlive/2023/texmf-dist/tex/generic/pgf/libraries/pgflibrarycurv
ilinear.code.tex
File: pgflibrarycurvilinear.code.tex 2023-01-15 v3.1.10 (3.1.10)
\pgf@curvilinear@time@a=\dimen275
\pgf@curvilinear@length@a=\dimen276
\pgf@curvilinear@length@b=\dimen277
\pgf@curvilinear@length@c=\dimen278
\pgf@curvilinear@length@d=\dimen279
)
\pgf@arrows@the@rigidity=\dimen280
))
(/private/var/mobile/Containers/Data/Application/9295D1C1-802A-4039-80FE-38A99D
EF0FAB/Library/texlive/2023/texmf-dist/tex/generic/pgf/frontendlayer/tikz/libra
ries/circuits/tikzlibrarycircuits.logic.US.code.tex
(/private/var/mobile/Containers/Data/Application/9295D1C1-802A-4039-80FE-38A99D
EF0FAB/Library/texlive/2023/texmf-dist/tex/generic/pgf/frontendlayer/tikz/libra
ries/circuits/tikzlibrarycircuits.logic.code.tex
(/private/var/mobile/Containers/Data/Application/9295D1C1-802A-4039-80FE-38A99D
EF0FAB/Library/texlive/2023/texmf-dist/tex/generic/pgf/frontendlayer/tikz/libra
ries/circuits/tikzlibrarycircuits.code.tex
\tikz@lib@circ@count=\count291
\tikzcircuitssizeunit=\dimen281
))
(/private/var/mobile/Containers/Data/Application/9295D1C1-802A-4039-80FE-38A99D
EF0FAB/Library/texlive/2023/texmf-dist/tex/generic/pgf/libraries/shapes/circuit
s/pgflibraryshapes.gates.logic.US.code.tex
(/private/var/mobile/Containers/Data/Application/9295D1C1-802A-4039-80FE-38A99D
EF0FAB/Library/texlive/2023/texmf-dist/tex/generic/pgf/libraries/shapes/circuit
s/pgflibraryshapes.gates.logic.code.tex)))
(/private/var/mobile/Containers/Data/Application/9295D1C1-802A-4039-80FE-38A99D
EF0FAB/Library/texlive/2023/texmf-dist/tex/generic/pgf/frontendlayer/tikz/libra
ries/tikzlibraryer.code.tex
File: tikzlibraryer.code.tex 2023-01-15 v3.1.10 (3.1.10)

(/private/var/mobile/Containers/Data/Application/9295D1C1-802A-4039-80FE-38A99D
EF0FAB/Library/texlive/2023/texmf-dist/tex/generic/pgf/frontendlayer/tikz/libra
ries/tikzlibraryshapes.geometric.code.tex
File: tikzlibraryshapes.geometric.code.tex 2023-01-15 v3.1.10 (3.1.10)

(/private/var/mobile/Containers/Data/Application/9295D1C1-802A-4039-80FE-38A99D
EF0FAB/Library/texlive/2023/texmf-dist/tex/generic/pgf/libraries/shapes/pgflibr
aryshapes.geometric.code.tex
File: pgflibraryshapes.geometric.code.tex 2023-01-15 v3.1.10 (3.1.10)
)))
(/private/var/mobile/Containers/Data/Application/9295D1C1-802A-4039-80FE-38A99D
EF0FAB/Library/texlive/2023/texmf-dist/tex/generic/pgf/frontendlayer/tikz/libra
ries/tikzlibraryfit.code.tex
File: tikzlibraryfit.code.tex 2023-01-15 v3.1.10 (3.1.10)
)
(/private/var/mobile/Containers/Data/Application/9295D1C1-802A-4039-80FE-38A99D
EF0FAB/Library/texlive/2023/texmf-dist/tex/generic/pgf/frontendlayer/tikz/libra
ries/graphs/tikzlibrarygraphs.code.tex
File: tikzlibrarygraphs.code.tex 2023-01-15 v3.1.10 (3.1.10)
\tikz@lib@auto@number=\count292
\tikz@qnode@count=\count293
)
(/private/var/mobile/Containers/Data/Application/9295D1C1-802A-4039-80FE-38A99D
EF0FAB/Library/texlive/2023/texmf-dist/tex/generic/pgf/frontendlayer/tikz/libra
ries/tikzlibrarymatrix.code.tex
File: tikzlibrarymatrix.code.tex 2023-01-15 v3.1.10 (3.1.10)
)
(/private/var/mobile/Containers/Data/Application/9295D1C1-802A-4039-80FE-38A99D
EF0FAB/Library/texlive/2023/texmf-dist/tex/generic/pgf/frontendlayer/tikz/libra
ries/tikzlibrarymindmap.code.tex
File: tikzlibrarymindmap.code.tex 2023-01-15 v3.1.10 (3.1.10)

(/private/var/mobile/Containers/Data/Application/9295D1C1-802A-4039-80FE-38A99D
EF0FAB/Library/texlive/2023/texmf-dist/tex/generic/pgf/frontendlayer/tikz/libra
ries/tikzlibrarytrees.code.tex
File: tikzlibrarytrees.code.tex 2023-01-15 v3.1.10 (3.1.10)
))
(/private/var/mobile/Containers/Data/Application/9295D1C1-802A-4039-80FE-38A99D
EF0FAB/Library/texlive/2023/texmf-dist/tex/generic/pgf/frontendlayer/tikz/libra
ries/tikzlibrarypatterns.code.tex
File: tikzlibrarypatterns.code.tex 2023-01-15 v3.1.10 (3.1.10)

(/private/var/mobile/Containers/Data/Application/9295D1C1-802A-4039-80FE-38A99D
EF0FAB/Library/texlive/2023/texmf-dist/tex/generic/pgf/libraries/pgflibrarypatt
erns.code.tex
File: pgflibrarypatterns.code.tex 2023-01-15 v3.1.10 (3.1.10)
))
(/private/var/mobile/Containers/Data/Application/9295D1C1-802A-4039-80FE-38A99D
EF0FAB/Library/texlive/2023/texmf-dist/tex/generic/pgf/frontendlayer/tikz/libra
ries/tikzlibrarysvg.path.code.tex
File: tikzlibrarysvg.path.code.tex 2023-01-15 v3.1.10 (3.1.10)

(/private/var/mobile/Containers/Data/Application/9295D1C1-802A-4039-80FE-38A99D
EF0FAB/Library/texlive/2023/texmf-dist/tex/generic/pgf/libraries/pgflibrarysvg.
path.code.tex
File: pgflibrarysvg.path.code.tex 2023-01-15 v3.1.10 (3.1.10)

(/private/var/mobile/Containers/Data/Application/9295D1C1-802A-4039-80FE-38A99D
EF0FAB/Library/texlive/2023/texmf-dist/tex/generic/pgf/modules/pgfmoduleparser.
code.tex
File: pgfmoduleparser.code.tex 2023-01-15 v3.1.10 (3.1.10)
\pgfparserdef@arg@count=\count294
)
\pgf@lib@svg@last@x=\dimen282
\pgf@lib@svg@last@y=\dimen283
\pgf@lib@svg@last@c@x=\dimen284
\pgf@lib@svg@last@c@y=\dimen285
\pgf@lib@svg@count=\count295
\pgf@lib@svg@max@num=\count296
))
(/private/var/mobile/Containers/Data/Application/9295D1C1-802A-4039-80FE-38A99D
EF0FAB/Library/texlive/2023/texmf-dist/tex/latex/pgf-blur/tikzlibraryshadows.bl
ur.code.tex  v1.02, 2012/12/09
(/private/var/mobile/Containers/Data/Application/9295D1C1-802A-4039-80FE-38A99D
EF0FAB/Library/texlive/2023/texmf-dist/tex/generic/pgf/frontendlayer/tikz/libra
ries/tikzlibraryshadows.code.tex
File: tikzlibraryshadows.code.tex 2023-01-15 v3.1.10 (3.1.10)

(/private/var/mobile/Containers/Data/Application/9295D1C1-802A-4039-80FE-38A99D
EF0FAB/Library/texlive/2023/texmf-dist/tex/generic/pgf/frontendlayer/tikz/libra
ries/tikzlibraryfadings.code.tex
File: tikzlibraryfadings.code.tex 2023-01-15 v3.1.10 (3.1.10)

(/private/var/mobile/Containers/Data/Application/9295D1C1-802A-4039-80FE-38A99D
EF0FAB/Library/texlive/2023/texmf-dist/tex/generic/pgf/libraries/pgflibraryfadi
ngs.code.tex
File: pgflibraryfadings.code.tex 2023-01-15 v3.1.10 (3.1.10)
)))
\pgfbs@fading@count=\count297
)
(/private/var/mobile/Containers/Data/Application/9295D1C1-802A-4039-80FE-38A99D
EF0FAB/Library/texlive/2023/texmf-dist/tex/latex/tikzmark/tikzlibrarytikzmark.c
ode.tex
File: tikzlibrarytikzmark.code.tex 2022/08/24 v1.15 TikZ library for marking po
sitions in a document

(/private/var/mobile/Containers/Data/Application/9295D1C1-802A-4039-80FE-38A99D
EF0FAB/Library/texlive/2023/texmf-dist/tex/latex/l3packages/l3keys2e/l3keys2e.s
ty
Package: l3keys2e 2023-02-02 LaTeX2e option processing using LaTeX3 keys
)
\l__sn_x_dim=\dimen286
\l__sn_y_dim=\dimen287
\l__sn_xa_dim=\dimen288
\l__sn_ya_dim=\dimen289
)
(/private/var/mobile/Containers/Data/Application/9295D1C1-802A-4039-80FE-38A99D
EF0FAB/Library/texlive/2023/texmf-dist/tex/generic/pgf/frontendlayer/tikz/libra
ries/tikzlibraryshapes.code.tex
File: tikzlibraryshapes.code.tex 2023-01-15 v3.1.10 (3.1.10)

(/private/var/mobile/Containers/Data/Application/9295D1C1-802A-4039-80FE-38A99D
EF0FAB/Library/texlive/2023/texmf-dist/tex/generic/pgf/frontendlayer/tikz/libra
ries/tikzlibraryshapes.symbols.code.tex
File: tikzlibraryshapes.symbols.code.tex 2023-01-15 v3.1.10 (3.1.10)

(/private/var/mobile/Containers/Data/Application/9295D1C1-802A-4039-80FE-38A99D
EF0FAB/Library/texlive/2023/texmf-dist/tex/generic/pgf/libraries/shapes/pgflibr
aryshapes.symbols.code.tex
File: pgflibraryshapes.symbols.code.tex 2023-01-15 v3.1.10 (3.1.10)
))
(/private/var/mobile/Containers/Data/Application/9295D1C1-802A-4039-80FE-38A99D
EF0FAB/Library/texlive/2023/texmf-dist/tex/generic/pgf/frontendlayer/tikz/libra
ries/tikzlibraryshapes.arrows.code.tex
File: tikzlibraryshapes.arrows.code.tex 2023-01-15 v3.1.10 (3.1.10)

(/private/var/mobile/Containers/Data/Application/9295D1C1-802A-4039-80FE-38A99D
EF0FAB/Library/texlive/2023/texmf-dist/tex/generic/pgf/libraries/shapes/pgflibr
aryshapes.arrows.code.tex
File: pgflibraryshapes.arrows.code.tex 2023-01-15 v3.1.10 (3.1.10)
))
(/private/var/mobile/Containers/Data/Application/9295D1C1-802A-4039-80FE-38A99D
EF0FAB/Library/texlive/2023/texmf-dist/tex/generic/pgf/frontendlayer/tikz/libra
ries/tikzlibraryshapes.callouts.code.tex
(/private/var/mobile/Containers/Data/Application/9295D1C1-802A-4039-80FE-38A99D
EF0FAB/Library/texlive/2023/texmf-dist/tex/generic/pgf/libraries/shapes/pgflibr
aryshapes.callouts.code.tex))
(/private/var/mobile/Containers/Data/Application/9295D1C1-802A-4039-80FE-38A99D
EF0FAB/Library/texlive/2023/texmf-dist/tex/generic/pgf/frontendlayer/tikz/libra
ries/tikzlibraryshapes.multipart.code.tex
File: tikzlibraryshapes.multipart.code.tex 2023-01-15 v3.1.10 (3.1.10)

(/private/var/mobile/Containers/Data/Application/9295D1C1-802A-4039-80FE-38A99D
EF0FAB/Library/texlive/2023/texmf-dist/tex/generic/pgf/libraries/shapes/pgflibr
aryshapes.multipart.code.tex
File: pgflibraryshapes.multipart.code.tex 2023-01-15 v3.1.10 (3.1.10)
\pgfnodepartlowerbox=\box69
\pgfnodeparttwobox=\box70
\pgfnodepartthreebox=\box71
\pgfnodepartfourbox=\box72
\pgfnodeparttwentybox=\box73
\pgfnodepartnineteenbox=\box74
\pgfnodeparteighteenbox=\box75
\pgfnodepartseventeenbox=\box76
\pgfnodepartsixteenbox=\box77
\pgfnodepartfifteenbox=\box78
\pgfnodepartfourteenbox=\box79
\pgfnodepartthirteenbox=\box80
\pgfnodeparttwelvebox=\box81
\pgfnodepartelevenbox=\box82
\pgfnodeparttenbox=\box83
\pgfnodepartninebox=\box84
\pgfnodeparteightbox=\box85
\pgfnodepartsevenbox=\box86
\pgfnodepartsixbox=\box87
\pgfnodepartfivebox=\box88
)))
(/private/var/mobile/Containers/Data/Application/9295D1C1-802A-4039-80FE-38A99D
EF0FAB/Library/texlive/2023/texmf-dist/tex/generic/pgf/frontendlayer/tikz/libra
ries/circuits/tikzlibrarycircuits.logic.IEC.code.tex
(/private/var/mobile/Containers/Data/Application/9295D1C1-802A-4039-80FE-38A99D
EF0FAB/Library/texlive/2023/texmf-dist/tex/generic/pgf/libraries/shapes/circuit
s/pgflibraryshapes.gates.logic.IEC.code.tex))
(/private/var/mobile/Containers/Data/Application/9295D1C1-802A-4039-80FE-38A99D
EF0FAB/Library/texlive/2023/texmf-dist/tex/generic/pgf/frontendlayer/tikz/libra
ries/circuits/tikzlibrarycircuits.logic.CDH.code.tex)
(/private/var/mobile/Containers/Data/Application/9295D1C1-802A-4039-80FE-38A99D
EF0FAB/Library/texlive/2023/texmf-dist/tex/generic/pgf/frontendlayer/tikz/libra
ries/circuits/tikzlibrarycircuits.ee.IEC.code.tex
(/private/var/mobile/Containers/Data/Application/9295D1C1-802A-4039-80FE-38A99D
EF0FAB/Library/texlive/2023/texmf-dist/tex/generic/pgf/frontendlayer/tikz/libra
ries/circuits/tikzlibrarycircuits.ee.code.tex
(/private/var/mobile/Containers/Data/Application/9295D1C1-802A-4039-80FE-38A99D
EF0FAB/Library/texlive/2023/texmf-dist/tex/generic/pgf/libraries/shapes/circuit
s/pgflibraryshapes.gates.ee.code.tex))
(/private/var/mobile/Containers/Data/Application/9295D1C1-802A-4039-80FE-38A99D
EF0FAB/Library/texlive/2023/texmf-dist/tex/generic/pgf/libraries/shapes/circuit
s/pgflibraryshapes.gates.ee.IEC.code.tex))
(/private/var/mobile/Containers/Data/Application/9295D1C1-802A-4039-80FE-38A99D
EF0FAB/Library/texlive/2023/texmf-dist/tex/latex/circuitikz/circuitikz.sty
Package: circuitikz 2023/02/11{} The CircuiTikz circuit drawing package version
 1.6.1

(/private/var/mobile/Containers/Data/Application/9295D1C1-802A-4039-80FE-38A99D
EF0FAB/Library/texlive/2023/texmf-dist/tex/generic/circuitikz/pgfcirc.defines.t
ex
\pgf@circ@count@a=\count298
\pgf@circ@count@b=\count299
\pgf@circ@count@c=\count300
\pgf@circ@res@up=\dimen290
\pgf@circ@res@down=\dimen291
\pgf@circ@res@zero=\dimen292
\pgf@circ@res@left=\dimen293
\pgf@circ@res@right=\dimen294
\pgf@circ@res@other=\dimen295
\pgf@circ@res@step=\dimen296
\pgf@circ@res@temp=\dimen297
\pgf@circ@Rlen=\dimen298
\pgf@circ@scaled@Rlen=\dimen299
\pgfstartlinewidth=\dimen300
)
(/private/var/mobile/Containers/Data/Application/9295D1C1-802A-4039-80FE-38A99D
EF0FAB/Library/texlive/2023/texmf-dist/tex/generic/circuitikz/pgfcircutils.tex
\ctikz@scratchbox=\box89
)
(/private/var/mobile/Containers/Data/Application/9295D1C1-802A-4039-80FE-38A99D
EF0FAB/Library/texlive/2023/texmf-dist/tex/generic/circuitikz/pgfcircpath.tex)
(/private/var/mobile/Containers/Data/Application/9295D1C1-802A-4039-80FE-38A99D
EF0FAB/Library/texlive/2023/texmf-dist/tex/generic/circuitikz/pgfcircshapes.tex
)
(/private/var/mobile/Containers/Data/Application/9295D1C1-802A-4039-80FE-38A99D
EF0FAB/Library/texlive/2023/texmf-dist/tex/generic/circuitikz/pgfcircmonopoles.
tex)
(/private/var/mobile/Containers/Data/Application/9295D1C1-802A-4039-80FE-38A99D
EF0FAB/Library/texlive/2023/texmf-dist/tex/generic/circuitikz/pgfcircbipoles.te
x)
(/private/var/mobile/Containers/Data/Application/9295D1C1-802A-4039-80FE-38A99D
EF0FAB/Library/texlive/2023/texmf-dist/tex/generic/circuitikz/pgfcirctripoles.t
ex
\pgf@circ@res@count=\count301
)
(/private/var/mobile/Containers/Data/Application/9295D1C1-802A-4039-80FE-38A99D
EF0FAB/Library/texlive/2023/texmf-dist/tex/generic/circuitikz/pgfcircquadpoles.
tex)
(/private/var/mobile/Containers/Data/Application/9295D1C1-802A-4039-80FE-38A99D
EF0FAB/Library/texlive/2023/texmf-dist/tex/generic/circuitikz/pgfcircmultipoles
.tex)
(/private/var/mobile/Containers/Data/Application/9295D1C1-802A-4039-80FE-38A99D
EF0FAB/Library/texlive/2023/texmf-dist/tex/generic/circuitikz/pgfcirclabel.tex)

(/private/var/mobile/Containers/Data/Application/9295D1C1-802A-4039-80FE-38A99D
EF0FAB/Library/texlive/2023/texmf-dist/tex/generic/circuitikz/pgfcircvoltage.te
x
\pgfcirc@labelshift=\dimen301
)
(/private/var/mobile/Containers/Data/Application/9295D1C1-802A-4039-80FE-38A99D
EF0FAB/Library/texlive/2023/texmf-dist/tex/generic/circuitikz/pgfcirccurrent.te
x)
(/private/var/mobile/Containers/Data/Application/9295D1C1-802A-4039-80FE-38A99D
EF0FAB/Library/texlive/2023/texmf-dist/tex/generic/circuitikz/pgfcircflow.tex)
(/private/var/mobile/Containers/Data/Application/9295D1C1-802A-4039-80FE-38A99D
EF0FAB/Library/texlive/2023/texmf-dist/tex/generic/xstring/xstring.sty
(/private/var/mobile/Containers/Data/Application/9295D1C1-802A-4039-80FE-38A99D
EF0FAB/Library/texlive/2023/texmf-dist/tex/generic/xstring/xstring.tex
\integerpart=\count302
\decimalpart=\count303
)
Package: xstring 2023/01/14 v1.85 String manipulations (CT)
)
(/private/var/mobile/Containers/Data/Application/9295D1C1-802A-4039-80FE-38A99D
EF0FAB/Library/texlive/2023/texmf-dist/tex/latex/siunitx/siunitx.sty
Package: siunitx 2023-04-13 v3.2.5 A comprehensive (SI) units package
\l__siunitx_angle_tmp_dim=\dimen302
\l__siunitx_angle_marker_box=\box90
\l__siunitx_angle_unit_box=\box91
\l__siunitx_compound_count_int=\count304

(/private/var/mobile/Containers/Data/Application/9295D1C1-802A-4039-80FE-38A99D
EF0FAB/Library/texlive/2023/texmf-dist/tex/latex/translations/translations.sty
Package: translations 2022/02/05 v1.12 internationalization of LaTeX2e packages
 (CN)

(/private/var/mobile/Containers/Data/Application/9295D1C1-802A-4039-80FE-38A99D
EF0FAB/Library/texlive/2023/texmf-dist/tex/generic/pdftexcmds/pdftexcmds.sty
Package: pdftexcmds 2020-06-27 v0.33 Utility functions of pdfTeX for LuaTeX (HO
)

(/private/var/mobile/Containers/Data/Application/9295D1C1-802A-4039-80FE-38A99D
EF0FAB/Library/texlive/2023/texmf-dist/tex/generic/infwarerr/infwarerr.sty
Package: infwarerr 2019/12/03 v1.5 Providing info/warning/error messages (HO)
)
(/private/var/mobile/Containers/Data/Application/9295D1C1-802A-4039-80FE-38A99D
EF0FAB/Library/texlive/2023/texmf-dist/tex/generic/ltxcmds/ltxcmds.sty
Package: ltxcmds 2020-05-10 v1.25 LaTeX kernel commands for general use (HO)
)
Package pdftexcmds Info: \pdf@primitive is available.
Package pdftexcmds Info: \pdf@ifprimitive is available.
Package pdftexcmds Info: \pdfdraftmode found.
))
\l__siunitx_number_exponent_fixed_int=\count305
\l__siunitx_number_min_decimal_int=\count306
\l__siunitx_number_min_integer_int=\count307
\l__siunitx_number_round_precision_int=\count308
\l__siunitx_number_lower_threshold_int=\count309
\l__siunitx_number_upper_threshold_int=\count310
\l__siunitx_number_group_first_int=\count311
\l__siunitx_number_group_size_int=\count312
\l__siunitx_number_group_minimum_int=\count313

(/private/var/mobile/Containers/Data/Application/9295D1C1-802A-4039-80FE-38A99D
EF0FAB/Library/texlive/2023/texmf-dist/tex/latex/amsmath/amstext.sty
Package: amstext 2021/08/26 v2.01 AMS text

(/private/var/mobile/Containers/Data/Application/9295D1C1-802A-4039-80FE-38A99D
EF0FAB/Library/texlive/2023/texmf-dist/tex/latex/amsmath/amsgen.sty
File: amsgen.sty 1999/11/30 v2.0 generic functions
\@emptytoks=\toks33
\ex@=\dimen303
))
\l__siunitx_table_tmp_box=\box92
\l__siunitx_table_tmp_dim=\dimen304
\l__siunitx_table_column_width_dim=\dimen305
\l__siunitx_table_integer_box=\box93
\l__siunitx_table_decimal_box=\box94
\l__siunitx_table_uncert_box=\box95
\l__siunitx_table_before_box=\box96
\l__siunitx_table_after_box=\box97
\l__siunitx_table_before_dim=\dimen306
\l__siunitx_table_carry_dim=\dimen307
\l__siunitx_unit_tmp_int=\count314
\l__siunitx_unit_position_int=\count315
\l__siunitx_unit_total_int=\count316

(/private/var/mobile/Containers/Data/Application/9295D1C1-802A-4039-80FE-38A99D
EF0FAB/Library/texlive/2023/texmf-dist/tex/latex/tools/array.sty
Package: array 2022/09/04 v2.5g Tabular extension package (FMi)
\col@sep=\dimen308
\ar@mcellbox=\box98
\extrarowheight=\dimen309
\NC@list=\toks34
\extratabsurround=\skip50
\backup@length=\skip51
\ar@cellbox=\box99
)))
(./Transformator 1.aux)
\openout1 = `"Transformator 1.aux"'.

LaTeX Font Info:    Checking defaults for OML/cmm/m/it on input line 69.
LaTeX Font Info:    ... okay on input line 69.
LaTeX Font Info:    Checking defaults for OMS/cmsy/m/n on input line 69.
LaTeX Font Info:    ... okay on input line 69.
LaTeX Font Info:    Checking defaults for OT1/cmr/m/n on input line 69.
LaTeX Font Info:    ... okay on input line 69.
LaTeX Font Info:    Checking defaults for T1/cmr/m/n on input line 69.
LaTeX Font Info:    ... okay on input line 69.
LaTeX Font Info:    Checking defaults for TS1/cmr/m/n on input line 69.
LaTeX Font Info:    ... okay on input line 69.
LaTeX Font Info:    Checking defaults for OMX/cmex/m/n on input line 69.
LaTeX Font Info:    ... okay on input line 69.
LaTeX Font Info:    Checking defaults for U/cmr/m/n on input line 69.
LaTeX Font Info:    ... okay on input line 69.

(/private/var/mobile/Containers/Data/Application/9295D1C1-802A-4039-80FE-38A99D
EF0FAB/Library/texlive/2023/texmf-dist/tex/context/base/mkii/supp-pdf.mkii
[Loading MPS to PDF converter (version 2006.09.02).]
\scratchcounter=\count317
\scratchdimen=\dimen310
\scratchbox=\box100
\nofMPsegments=\count318
\nofMParguments=\count319
\everyMPshowfont=\toks35
\MPscratchCnt=\count320
\MPscratchDim=\dimen311
\MPnumerator=\count321
\makeMPintoPDFobject=\count322
\everyMPtoPDFconversion=\toks36
)
(/private/var/mobile/Containers/Data/Application/9295D1C1-802A-4039-80FE-38A99D
EF0FAB/Library/texlive/2023/texmf-dist/tex/latex/epstopdf-pkg/epstopdf-base.sty
Package: epstopdf-base 2020-01-24 v2.11 Base part for package epstopdf
Package epstopdf-base Info: Redefining graphics rule for `.eps' on input line 4
85.

(/private/var/mobile/Containers/Data/Application/9295D1C1-802A-4039-80FE-38A99D
EF0FAB/Library/texlive/2023/texmf-dist/tex/latex/latexconfig/epstopdf-sys.cfg
File: epstopdf-sys.cfg 2010/07/13 v1.3 Configuration of (r)epstopdf for TeX Liv
e
))
(/private/var/mobile/Containers/Data/Application/9295D1C1-802A-4039-80FE-38A99D
EF0FAB/Library/texlive/2023/texmf-dist/tex/latex/translations/translations-basi
c-dictionary-german.trsl
File: translations-basic-dictionary-german.trsl (german translation file `trans
lations-basic-dictionary')
)
Package translations Info: loading dictionary `translations-basic-dictionary' f
or `german'. on input line 69.
LaTeX Font Info:    External font `cmex10' loaded for size
(Font)              <8> on input line 74.
LaTeX Font Info:    External font `cmex10' loaded for size
(Font)              <6> on input line 74.
LaTeX Font Info:    External font `cmex10' loaded for size
(Font)              <5> on input line 74.
 [1

{/private/var/mobile/Containers/Data/Application/9295D1C1-802A-4039-80FE-38A99D
EF0FAB/Library/texlive/2023/texmf-var/fonts/map/pdftex/updmap/pdftex.map}] (./T
ransformator 1.aux) ) 
Here is how much of TeX's memory you used:
 44309 strings out of 476001
 1236170 string characters out of 5748288
 1908074 words of memory out of 5000000
 64122 multiletter control sequences out of 15000+600000
 515315 words of font info for 42 fonts, out of 8000000 for 9000
 1141 hyphenation exceptions out of 8191
 102i,7n,104p,1619b,1165s stack positions out of 10000i,1000n,20000p,200000b,200000s
</private/var/mobile/Containers/Data/Application/9295D1C1-
802A-4039-80FE-38A99DEF0FAB/Library/texlive/2023/texmf-dist/fonts/type1/public/
amsfonts/cm/cmmi8.pfb></private/var/mobile/Containers/Data/Application/9295D1C1
-802A-4039-80FE-38A99DEF0FAB/Library/texlive/2023/texmf-dist/fonts/type1/public
/amsfonts/cm/cmr8.pfb></private/var/mobile/Containers/Data/Application/9295D1C1
-802A-4039-80FE-38A99DEF0FAB/Library/texlive/2023/texmf-dist/fonts/type1/public
/amsfonts/cm/cmss8.pfb></private/var/mobile/Containers/Data/Application/9295D1C
1-802A-4039-80FE-38A99DEF0FAB/Library/texlive/2023/texmf-dist/fonts/type1/publi
c/amsfonts/cm/cmsy8.pfb>
Output written on "Transformator 1.pdf" (1 page, 42151 bytes).
PDF statistics:
 55 PDF objects out of 1000 (max. 8388607)
 27 compressed objects within 1 object stream
 0 named destinations out of 1000 (max. 500000)
 109 words of extra memory for PDF output out of 10000 (max. 10000000)

